Using pre-set license
Built from '2020.3/staging' branch; Version is '2020.3.19f1 (68f137dc9bbe) revision 6877495'; Using compiler version '192528614'; Build Type 'Release'
OS: 'Windows 10 Home; OS build 19044.1526; Version 2009; 64bit' Language: 'en' Physical Memory: 16215 MB
BatchMode: 1, IsHumanControllingUs: 0, StartBugReporterOnCrash: 0, Is64bit: 1, IsPro: 0

COMMAND LINE ARGUMENTS:
C:\Program Files\Unity\Hub\Editor\2020.3.19f1\Editor\Unity.exe
-adb2
-batchMode
-noUpm
-name
AssetImportWorker0
-projectPath
C:/Users/j18re/Documents/GitHub/Group-9-Repository/Group Project CW
-logFile
Logs/AssetImportWorker0.log
-srvPort
58049
Successfully changed project path to: C:/Users/j18re/Documents/GitHub/Group-9-Repository/Group Project CW
C:/Users/j18re/Documents/GitHub/Group-9-Repository/Group Project CW
Using Asset Import Pipeline V2.
Refreshing native plugins compatible for Editor in 46.38 ms, found 2 plugins.
Preloading 0 native plugins for Editor in 0.00 ms.
Initialize engine version: 2020.3.19f1 (68f137dc9bbe)
[Subsystems] Discovering subsystems at path C:/Program Files/Unity/Hub/Editor/2020.3.19f1/Editor/Data/Resources/UnitySubsystems
[Subsystems] Discovering subsystems at path C:/Users/j18re/Documents/GitHub/Group-9-Repository/Group Project CW/Assets
GfxDevice: creating device client; threaded=0
Direct3D:
    Version:  Direct3D 11.0 [level 11.1]
    Renderer: NVIDIA GeForce RTX 2070 with Max-Q Design (ID=0x1f14)
    Vendor:   
    VRAM:     8031 MB
    Driver:   30.0.15.1179
Initialize mono
Mono path[0] = 'C:/Program Files/Unity/Hub/Editor/2020.3.19f1/Editor/Data/Managed'
Mono path[1] = 'C:/Program Files/Unity/Hub/Editor/2020.3.19f1/Editor/Data/MonoBleedingEdge/lib/mono/unityjit'
Mono config path = 'C:/Program Files/Unity/Hub/Editor/2020.3.19f1/Editor/Data/MonoBleedingEdge/etc'
Using monoOptions --debugger-agent=transport=dt_socket,embedding=1,server=y,suspend=n,address=127.0.0.1:56784
Begin MonoManager ReloadAssembly
Registering precompiled unity dll's ...
Register platform support module: C:/Program Files/Unity/Hub/Editor/2020.3.19f1/Editor/Data/PlaybackEngines/WindowsStandaloneSupport/UnityEditor.WindowsStandalone.Extensions.dll
Registered in 0.002975 seconds.
Native extension for WindowsStandalone target not found
Refreshing native plugins compatible for Editor in 47.09 ms, found 2 plugins.
Preloading 0 native plugins for Editor in 0.00 ms.
Mono: successfully reloaded assembly
- Completed reload, in  1.578 seconds
Domain Reload Profiling:
	ReloadAssembly (1578ms)
		BeginReloadAssembly (77ms)
			ExecutionOrderSort (0ms)
			DisableScriptedObjects (0ms)
			BackupInstance (0ms)
			ReleaseScriptingObjects (0ms)
			CreateAndSetChildDomain (1ms)
		EndReloadAssembly (595ms)
			LoadAssemblies (73ms)
			RebuildTransferFunctionScriptingTraits (0ms)
			SetupTypeCache (217ms)
			ReleaseScriptCaches (0ms)
			RebuildScriptCaches (45ms)
			SetupLoadedEditorAssemblies (230ms)
				LogAssemblyErrors (0ms)
				InitializePlatformSupportModulesInManaged (6ms)
				SetLoadedEditorAssemblies (0ms)
				RefreshPlugins (47ms)
				BeforeProcessingInitializeOnLoad (23ms)
				ProcessInitializeOnLoadAttributes (113ms)
				ProcessInitializeOnLoadMethodAttributes (40ms)
				AfterProcessingInitializeOnLoad (0ms)
				EditorAssembliesLoaded (0ms)
			ExecutionOrderSort2 (0ms)
			AwakeInstancesAfterBackupRestoration (0ms)
Platform modules already initialized, skipping
Registering precompiled user dll's ...
Registered in 0.004343 seconds.
Begin MonoManager ReloadAssembly
Native extension for WindowsStandalone target not found
Refreshing native plugins compatible for Editor in 0.69 ms, found 2 plugins.
Preloading 0 native plugins for Editor in 0.00 ms.
Mono: successfully reloaded assembly
- Completed reload, in  1.461 seconds
Domain Reload Profiling:
	ReloadAssembly (1462ms)
		BeginReloadAssembly (215ms)
			ExecutionOrderSort (0ms)
			DisableScriptedObjects (6ms)
			BackupInstance (0ms)
			ReleaseScriptingObjects (0ms)
			CreateAndSetChildDomain (23ms)
		EndReloadAssembly (1159ms)
			LoadAssemblies (125ms)
			RebuildTransferFunctionScriptingTraits (0ms)
			SetupTypeCache (388ms)
			ReleaseScriptCaches (0ms)
			RebuildScriptCaches (60ms)
			SetupLoadedEditorAssemblies (455ms)
				LogAssemblyErrors (0ms)
				InitializePlatformSupportModulesInManaged (7ms)
				SetLoadedEditorAssemblies (1ms)
				RefreshPlugins (1ms)
				BeforeProcessingInitializeOnLoad (115ms)
				ProcessInitializeOnLoadAttributes (301ms)
				ProcessInitializeOnLoadMethodAttributes (19ms)
				AfterProcessingInitializeOnLoad (11ms)
				EditorAssembliesLoaded (0ms)
			ExecutionOrderSort2 (0ms)
			AwakeInstancesAfterBackupRestoration (13ms)
Platform modules already initialized, skipping
========================================================================
Worker process is ready to serve import requests
Launched and connected shader compiler UnityShaderCompiler.exe after 0.09 seconds
Refreshing native plugins compatible for Editor in 0.49 ms, found 2 plugins.
Preloading 0 native plugins for Editor in 0.00 ms.
Unloading 1501 Unused Serialized files (Serialized files now loaded: 0)
System memory in use before: 71.1 MB.
System memory in use after: 71.1 MB.

Unloading 20 unused Assets to reduce memory usage. Loaded Objects now: 1940.
Total: 3.908600 ms (FindLiveObjects: 0.200700 ms CreateObjectMapping: 0.074500 ms MarkObjects: 3.545200 ms  DeleteObjects: 0.086900 ms)

AssetImportParameters requested are different than current active one (requested -> active):
  custom:framework-win-MediaFoundation: 216162199b28c13a410421893ffa2e32 -> 
  custom:video-decoder-ogg-theora: a1e56fd34408186e4bbccfd4996cb3dc -> 
  custom:container-muxer-webm: aa71ff27fc2769a1b78a27578f13a17b -> 
  custom:container-demuxer-webm: 4f35f7cbe854078d1ac9338744f61a02 -> 
  custom:container-demuxer-ogg: 62fdf1f143b41e24485cea50d1cbac27 -> 
  custom:video-encoder-webm-vp8: eb34c28f22e8b96e1ab97ce403110664 -> 
  custom:video-decoder-webm-vp8: 9c59270c3fd7afecdb556c50c9e8de78 -> 
  custom:audio-decoder-ogg-vorbis: bf7c407c2cedff20999df2af8eb42d56 -> 
  custom:audio-encoder-webm-vorbis: bf7c407c2cedff20999df2af8eb42d56 -> 
========================================================================
Received Prepare
Refreshing native plugins compatible for Editor in 3.75 ms, found 2 plugins.
Preloading 0 native plugins for Editor in 0.00 ms.
Unloading 9 Unused Serialized files (Serialized files now loaded: 0)
System memory in use before: 40.3 MB.
System memory in use after: 40.4 MB.

Unloading 9 unused Assets to reduce memory usage. Loaded Objects now: 1940.
Total: 3.717600 ms (FindLiveObjects: 0.188700 ms CreateObjectMapping: 0.068100 ms MarkObjects: 3.443400 ms  DeleteObjects: 0.016100 ms)

AssetImportParameters requested are different than current active one (requested -> active):
  custom:framework-win-MediaFoundation: 216162199b28c13a410421893ffa2e32 -> 
  custom:video-decoder-ogg-theora: a1e56fd34408186e4bbccfd4996cb3dc -> 
  custom:container-muxer-webm: aa71ff27fc2769a1b78a27578f13a17b -> 
  custom:container-demuxer-webm: 4f35f7cbe854078d1ac9338744f61a02 -> 
  custom:container-demuxer-ogg: 62fdf1f143b41e24485cea50d1cbac27 -> 
  custom:video-encoder-webm-vp8: eb34c28f22e8b96e1ab97ce403110664 -> 
  custom:video-decoder-webm-vp8: 9c59270c3fd7afecdb556c50c9e8de78 -> 
  custom:audio-decoder-ogg-vorbis: bf7c407c2cedff20999df2af8eb42d56 -> 
  custom:audio-encoder-webm-vorbis: bf7c407c2cedff20999df2af8eb42d56 -> 
========================================================================
Received Import Request.
  path: Assets/New Terrain.asset
  artifactKey: Guid(d1d522a4db13d8849abb1a41e0974e10) Importer(815301076,1909f56bfc062723c751e8b465ee728b)
Start importing Assets/New Terrain.asset using Guid(d1d522a4db13d8849abb1a41e0974e10) Importer(815301076,1909f56bfc062723c751e8b465ee728b)  -> (artifact id: '2429d4a30a59267e3c18b3eb2226d41c') in 0.060209 seconds 
  Import took 0.063642 seconds .

========================================================================
Received Import Request.
  Time since last request: 1008.221497 seconds.
  path: Assets/Prefabs/Product Prefabs
  artifactKey: Guid(ef0002f429dc2e74e9a1c3b71f7fc303) Importer(815301076,1909f56bfc062723c751e8b465ee728b)
Start importing Assets/Prefabs/Product Prefabs using Guid(ef0002f429dc2e74e9a1c3b71f7fc303) Importer(815301076,1909f56bfc062723c751e8b465ee728b)  -> (artifact id: '2bda423447e662002381660a2860c21b') in 0.010088 seconds 
  Import took 0.014032 seconds .

========================================================================
Received Import Request.
  Time since last request: 0.044680 seconds.
  path: Assets/Prefabs/Product Prefabs/all_in_one_pc.prefab
  artifactKey: Guid(ec26eb888acf3004b9bfe4fb106d5d97) Importer(815301076,1909f56bfc062723c751e8b465ee728b)
Start importing Assets/Prefabs/Product Prefabs/all_in_one_pc.prefab using Guid(ec26eb888acf3004b9bfe4fb106d5d97) Importer(815301076,1909f56bfc062723c751e8b465ee728b)  -> (artifact id: '36dddc25ced50828dc6cee40940ae59e') in 0.121527 seconds 
  Import took 0.125932 seconds .

========================================================================
Received Import Request.
  Time since last request: 0.000337 seconds.
  path: Assets/Prefabs/Product Prefabs/controller.prefab
  artifactKey: Guid(d88add64e8f7cda4189c5cdf00fac8c0) Importer(815301076,1909f56bfc062723c751e8b465ee728b)
Start importing Assets/Prefabs/Product Prefabs/controller.prefab using Guid(d88add64e8f7cda4189c5cdf00fac8c0) Importer(815301076,1909f56bfc062723c751e8b465ee728b)  -> (artifact id: 'f08a062960dd831b751e30ab0a808415') in 0.032230 seconds 
  Import took 0.035609 seconds .

========================================================================
Received Import Request.
  Time since last request: 0.000340 seconds.
  path: Assets/Prefabs/Product Prefabs/wired_mouse.prefab
  artifactKey: Guid(a02913c4d11741940b59dc8bf75207bf) Importer(815301076,1909f56bfc062723c751e8b465ee728b)
Start importing Assets/Prefabs/Product Prefabs/wired_mouse.prefab using Guid(a02913c4d11741940b59dc8bf75207bf) Importer(815301076,1909f56bfc062723c751e8b465ee728b)  -> (artifact id: '6c268e4bc335a2fe3f4d2b0583c0363e') in 0.022580 seconds 
  Import took 0.026415 seconds .

========================================================================
Received Import Request.
  Time since last request: 0.000444 seconds.
  path: Assets/Prefabs/Product Prefabs/small can.prefab
  artifactKey: Guid(c0f8666471397ed47b4d71718807e02a) Importer(815301076,1909f56bfc062723c751e8b465ee728b)
Start importing Assets/Prefabs/Product Prefabs/small can.prefab using Guid(c0f8666471397ed47b4d71718807e02a) Importer(815301076,1909f56bfc062723c751e8b465ee728b)  -> (artifact id: '97f6885b272f890d964c670b9f7eb099') in 0.021937 seconds 
  Import took 0.026002 seconds .

========================================================================
Received Import Request.
  Time since last request: 0.000303 seconds.
  path: Assets/Prefabs/Product Prefabs/mini_speaker.prefab
  artifactKey: Guid(2b52250ac30626e488cebeb09b697db4) Importer(815301076,1909f56bfc062723c751e8b465ee728b)
Start importing Assets/Prefabs/Product Prefabs/mini_speaker.prefab using Guid(2b52250ac30626e488cebeb09b697db4) Importer(815301076,1909f56bfc062723c751e8b465ee728b)  -> (artifact id: '1e4038aa077e874a799ed7f52f7085cb') in 0.025481 seconds 
  Import took 0.028752 seconds .

========================================================================
Received Import Request.
  Time since last request: 0.000372 seconds.
  path: Assets/Prefabs/Product Prefabs/wireless_earphones Variant.prefab
  artifactKey: Guid(916e7f6c00f253d458e3dd3f8e682c98) Importer(815301076,1909f56bfc062723c751e8b465ee728b)
Start importing Assets/Prefabs/Product Prefabs/wireless_earphones Variant.prefab using Guid(916e7f6c00f253d458e3dd3f8e682c98) Importer(815301076,1909f56bfc062723c751e8b465ee728b)  -> (artifact id: 'b286e6e2abc002ed857eaee172ac8b29') in 0.023395 seconds 
  Import took 0.026969 seconds .

========================================================================
Received Import Request.
  Time since last request: 0.000440 seconds.
  path: Assets/Prefabs/Product Prefabs/mouse.prefab
  artifactKey: Guid(25d68f3a627077c4b88f2a2fa454c10b) Importer(815301076,1909f56bfc062723c751e8b465ee728b)
Start importing Assets/Prefabs/Product Prefabs/mouse.prefab using Guid(25d68f3a627077c4b88f2a2fa454c10b) Importer(815301076,1909f56bfc062723c751e8b465ee728b)  -> (artifact id: 'fc87ef826489af5c1a8797504b73c78e') in 0.028829 seconds 
  Import took 0.032701 seconds .

========================================================================
Received Import Request.
  Time since last request: 0.000394 seconds.
  path: Assets/Prefabs/Product Prefabs/expensive_pc_screen.prefab
  artifactKey: Guid(93f609bc2bc781945ace086027b603f5) Importer(815301076,1909f56bfc062723c751e8b465ee728b)
Start importing Assets/Prefabs/Product Prefabs/expensive_pc_screen.prefab using Guid(93f609bc2bc781945ace086027b603f5) Importer(815301076,1909f56bfc062723c751e8b465ee728b)  -> (artifact id: '958da863789bf658d4cfcd74a2315dfc') in 0.020208 seconds 
  Import took 0.023996 seconds .

========================================================================
Received Import Request.
  Time since last request: 0.000343 seconds.
  path: Assets/Prefabs/Product Prefabs/pc.prefab
  artifactKey: Guid(f56da11d369cc1a4981c76db1961fd16) Importer(815301076,1909f56bfc062723c751e8b465ee728b)
Start importing Assets/Prefabs/Product Prefabs/pc.prefab using Guid(f56da11d369cc1a4981c76db1961fd16) Importer(815301076,1909f56bfc062723c751e8b465ee728b)  -> (artifact id: '5cc059a86fa92dc773e5d3b4417dcae5') in 0.020454 seconds 
  Import took 0.023872 seconds .

========================================================================
Received Import Request.
  Time since last request: 0.000473 seconds.
  path: Assets/Prefabs/Product Prefabs/wireless_keyboard.prefab
  artifactKey: Guid(6232790b3812e814b941112d95a95326) Importer(815301076,1909f56bfc062723c751e8b465ee728b)
Start importing Assets/Prefabs/Product Prefabs/wireless_keyboard.prefab using Guid(6232790b3812e814b941112d95a95326) Importer(815301076,1909f56bfc062723c751e8b465ee728b)  -> (artifact id: '1ea1ddd4093ec5b47e10dc1aa1016df8') in 0.019594 seconds 
  Import took 0.023385 seconds .

========================================================================
Received Import Request.
  Time since last request: 0.000326 seconds.
  path: Assets/Prefabs/Product Prefabs/double_speaker.prefab
  artifactKey: Guid(f82f6f90c47ba2e40a137047373c6cfd) Importer(815301076,1909f56bfc062723c751e8b465ee728b)
Start importing Assets/Prefabs/Product Prefabs/double_speaker.prefab using Guid(f82f6f90c47ba2e40a137047373c6cfd) Importer(815301076,1909f56bfc062723c751e8b465ee728b)  -> (artifact id: '5f190953e45bea10091fe04f7f391fe9') in 0.019526 seconds 
  Import took 0.022964 seconds .

========================================================================
Received Import Request.
  Time since last request: 0.000410 seconds.
  path: Assets/Prefabs/Product Prefabs/expensive_laptop.prefab
  artifactKey: Guid(8f1c15f3e4f20044f905df0e489597b9) Importer(815301076,1909f56bfc062723c751e8b465ee728b)
Start importing Assets/Prefabs/Product Prefabs/expensive_laptop.prefab using Guid(8f1c15f3e4f20044f905df0e489597b9) Importer(815301076,1909f56bfc062723c751e8b465ee728b)  -> (artifact id: '12d183ca0ba1baff8352edf881866c21') in 0.019785 seconds 
  Import took 0.023255 seconds .

========================================================================
Received Import Request.
  Time since last request: 0.000376 seconds.
  path: Assets/Prefabs/Product Prefabs/controller Variant.prefab
  artifactKey: Guid(b9dd81ec79e740441814360ed8cfc454) Importer(815301076,1909f56bfc062723c751e8b465ee728b)
Start importing Assets/Prefabs/Product Prefabs/controller Variant.prefab using Guid(b9dd81ec79e740441814360ed8cfc454) Importer(815301076,1909f56bfc062723c751e8b465ee728b)  -> (artifact id: '1c05d42bd3b1b94a507d340771737c56') in 0.020143 seconds 
  Import took 0.023481 seconds .

========================================================================
Received Import Request.
  Time since last request: 0.000352 seconds.
  path: Assets/Prefabs/Product Prefabs/pc Variant.prefab
  artifactKey: Guid(ccf7ef4366e37884cb23fe3ade572169) Importer(815301076,1909f56bfc062723c751e8b465ee728b)
Start importing Assets/Prefabs/Product Prefabs/pc Variant.prefab using Guid(ccf7ef4366e37884cb23fe3ade572169) Importer(815301076,1909f56bfc062723c751e8b465ee728b)  -> (artifact id: '13aeeae8c2ab838028302b2e94340c38') in 0.019361 seconds 
  Import took 0.023501 seconds .

========================================================================
Received Import Request.
  Time since last request: 0.000372 seconds.
  path: Assets/Prefabs/Product Prefabs/wireless_keyboard Variant.prefab
  artifactKey: Guid(7bebe187b9c07df4c8971a7ee020d277) Importer(815301076,1909f56bfc062723c751e8b465ee728b)
Start importing Assets/Prefabs/Product Prefabs/wireless_keyboard Variant.prefab using Guid(7bebe187b9c07df4c8971a7ee020d277) Importer(815301076,1909f56bfc062723c751e8b465ee728b)  -> (artifact id: '7d60e96ee85747551c55fa671a74fcd4') in 0.018230 seconds 
  Import took 0.021804 seconds .

========================================================================
Received Import Request.
  Time since last request: 0.000291 seconds.
  path: Assets/Prefabs/Product Prefabs/wireless_headphones.prefab
  artifactKey: Guid(74e9311b5b8c4e04a88e40477a0f31e1) Importer(815301076,1909f56bfc062723c751e8b465ee728b)
Start importing Assets/Prefabs/Product Prefabs/wireless_headphones.prefab using Guid(74e9311b5b8c4e04a88e40477a0f31e1) Importer(815301076,1909f56bfc062723c751e8b465ee728b)  -> (artifact id: '79118ef52586a2452f5547ac3effa5c7') in 0.015619 seconds 
  Import took 0.019513 seconds .

========================================================================
Received Import Request.
  Time since last request: 0.000347 seconds.
  path: Assets/Prefabs/Product Prefabs/usb_stick.prefab
  artifactKey: Guid(cab6fe18a575f2f49b3ea94a3ef09e4d) Importer(815301076,1909f56bfc062723c751e8b465ee728b)
Start importing Assets/Prefabs/Product Prefabs/usb_stick.prefab using Guid(cab6fe18a575f2f49b3ea94a3ef09e4d) Importer(815301076,1909f56bfc062723c751e8b465ee728b)  -> (artifact id: '0f9c0b88568bd46aee85e64bd5a6ca91') in 0.018131 seconds 
  Import took 0.021788 seconds .

========================================================================
Received Import Request.
  Time since last request: 0.000554 seconds.
  path: Assets/Prefabs/Product Prefabs/cheap_pc.prefab
  artifactKey: Guid(4bd8215290d88b7448ee2fb89e9ee045) Importer(815301076,1909f56bfc062723c751e8b465ee728b)
Start importing Assets/Prefabs/Product Prefabs/cheap_pc.prefab using Guid(4bd8215290d88b7448ee2fb89e9ee045) Importer(815301076,1909f56bfc062723c751e8b465ee728b)  -> (artifact id: '01a705bf91491ce42b34adcfede797a5') in 0.018186 seconds 
  Import took 0.022101 seconds .

========================================================================
Received Import Request.
  Time since last request: 0.000284 seconds.
  path: Assets/Prefabs/Product Prefabs/expensive_laptop Variant.prefab
  artifactKey: Guid(42dac6a6311aef0449364714af6b6d66) Importer(815301076,1909f56bfc062723c751e8b465ee728b)
Start importing Assets/Prefabs/Product Prefabs/expensive_laptop Variant.prefab using Guid(42dac6a6311aef0449364714af6b6d66) Importer(815301076,1909f56bfc062723c751e8b465ee728b)  -> (artifact id: 'b165f1ad986c184cfc0f0468ae4ddd83') in 0.018110 seconds 
  Import took 0.021401 seconds .

========================================================================
Received Import Request.
  Time since last request: 0.000302 seconds.
  path: Assets/Prefabs/Product Prefabs/cheap_pc_screen Variant.prefab
  artifactKey: Guid(a2fd33094941157468bffd556aea3aa6) Importer(815301076,1909f56bfc062723c751e8b465ee728b)
Start importing Assets/Prefabs/Product Prefabs/cheap_pc_screen Variant.prefab using Guid(a2fd33094941157468bffd556aea3aa6) Importer(815301076,1909f56bfc062723c751e8b465ee728b)  -> (artifact id: 'e9e1813cdc9bebb11c57c87f4947c2a1') in 0.019089 seconds 
  Import took 0.022991 seconds .

========================================================================
Received Import Request.
  Time since last request: 0.000349 seconds.
  path: Assets/Prefabs/Product Prefabs/usb_stick_two.prefab
  artifactKey: Guid(f370763f22c0f8745a557d44f6b75e1d) Importer(815301076,1909f56bfc062723c751e8b465ee728b)
Start importing Assets/Prefabs/Product Prefabs/usb_stick_two.prefab using Guid(f370763f22c0f8745a557d44f6b75e1d) Importer(815301076,1909f56bfc062723c751e8b465ee728b)  -> (artifact id: 'e6c9b1257f9845629c865b80fb23657d') in 0.019120 seconds 
  Import took 0.022484 seconds .

========================================================================
Received Import Request.
  Time since last request: 0.000303 seconds.
  path: Assets/Prefabs/Product Prefabs/console Variant.prefab
  artifactKey: Guid(70b67144349508449838f9ad6552b56a) Importer(815301076,1909f56bfc062723c751e8b465ee728b)
Start importing Assets/Prefabs/Product Prefabs/console Variant.prefab using Guid(70b67144349508449838f9ad6552b56a) Importer(815301076,1909f56bfc062723c751e8b465ee728b)  -> (artifact id: '1c3736da856c8ceb78377f7daea78ef0') in 0.039845 seconds 
  Import took 0.043583 seconds .

========================================================================
Received Import Request.
  Time since last request: 0.000301 seconds.
  path: Assets/Prefabs/Product Prefabs/wired_earphones.prefab
  artifactKey: Guid(8d4851f0738ace743a2af0d25ed07cd8) Importer(815301076,1909f56bfc062723c751e8b465ee728b)
Start importing Assets/Prefabs/Product Prefabs/wired_earphones.prefab using Guid(8d4851f0738ace743a2af0d25ed07cd8) Importer(815301076,1909f56bfc062723c751e8b465ee728b)  -> (artifact id: '17d79c4f90bf1bb38dda62ab2d8d334b') in 0.018487 seconds 
  Import took 0.021802 seconds .

========================================================================
Received Import Request.
  Time since last request: 0.000302 seconds.
  path: Assets/Prefabs/Product Prefabs/cheap_pc_screen.prefab
  artifactKey: Guid(3f5b60aab6c613f41b8c4651b2129276) Importer(815301076,1909f56bfc062723c751e8b465ee728b)
Start importing Assets/Prefabs/Product Prefabs/cheap_pc_screen.prefab using Guid(3f5b60aab6c613f41b8c4651b2129276) Importer(815301076,1909f56bfc062723c751e8b465ee728b)  -> (artifact id: '1057bca6f36206119edd9c71730f3d47') in 0.018122 seconds 
  Import took 0.021411 seconds .

========================================================================
Received Import Request.
  Time since last request: 0.000360 seconds.
  path: Assets/Prefabs/Product Prefabs/expensive_console.prefab
  artifactKey: Guid(ed2f72d5b8e287848a2b47c25f4e3e8b) Importer(815301076,1909f56bfc062723c751e8b465ee728b)
Start importing Assets/Prefabs/Product Prefabs/expensive_console.prefab using Guid(ed2f72d5b8e287848a2b47c25f4e3e8b) Importer(815301076,1909f56bfc062723c751e8b465ee728b)  -> (artifact id: '87913934e22ad65b166a41c0c9ff6985') in 0.019314 seconds 
  Import took 0.024002 seconds .

========================================================================
Received Import Request.
  Time since last request: 0.000370 seconds.
  path: Assets/Prefabs/Product Prefabs/cheap_laptop Variant.prefab
  artifactKey: Guid(be91e01cbab6b2d4488cad65b3f8dcce) Importer(815301076,1909f56bfc062723c751e8b465ee728b)
Start importing Assets/Prefabs/Product Prefabs/cheap_laptop Variant.prefab using Guid(be91e01cbab6b2d4488cad65b3f8dcce) Importer(815301076,1909f56bfc062723c751e8b465ee728b)  -> (artifact id: '48af5f721778b8b701be817b480a3ada') in 0.019327 seconds 
  Import took 0.022619 seconds .

========================================================================
Received Import Request.
  Time since last request: 0.000363 seconds.
  path: Assets/Prefabs/Product Prefabs/TV.prefab
  artifactKey: Guid(bc527a6ee0b2c6047b0fe6bc64327cff) Importer(815301076,1909f56bfc062723c751e8b465ee728b)
Start importing Assets/Prefabs/Product Prefabs/TV.prefab using Guid(bc527a6ee0b2c6047b0fe6bc64327cff) Importer(815301076,1909f56bfc062723c751e8b465ee728b)  -> (artifact id: '329bed11d8636c2b3dc6ce7ce73aad07') in 0.017875 seconds 
  Import took 0.021523 seconds .

========================================================================
Received Import Request.
  Time since last request: 0.000421 seconds.
  path: Assets/Prefabs/Product Prefabs/expensive_pc_screen Variant.prefab
  artifactKey: Guid(9cab78e177559634199d4ea7869d611a) Importer(815301076,1909f56bfc062723c751e8b465ee728b)
Start importing Assets/Prefabs/Product Prefabs/expensive_pc_screen Variant.prefab using Guid(9cab78e177559634199d4ea7869d611a) Importer(815301076,1909f56bfc062723c751e8b465ee728b)  -> (artifact id: 'fd8177e073b8484d83a68cf0e09fcb25') in 0.019017 seconds 
  Import took 0.023361 seconds .

========================================================================
Received Import Request.
  Time since last request: 0.000345 seconds.
  path: Assets/Prefabs/Product Prefabs/wired_controller.prefab
  artifactKey: Guid(fb524c4e329132f4abd2c5513f408e65) Importer(815301076,1909f56bfc062723c751e8b465ee728b)
Start importing Assets/Prefabs/Product Prefabs/wired_controller.prefab using Guid(fb524c4e329132f4abd2c5513f408e65) Importer(815301076,1909f56bfc062723c751e8b465ee728b)  -> (artifact id: 'f8a6a524a59b56aebd8b3b8a30b82264') in 0.018307 seconds 
  Import took 0.021591 seconds .

========================================================================
Received Import Request.
  Time since last request: 0.000350 seconds.
  path: Assets/Prefabs/Product Prefabs/wired_earphones Variant.prefab
  artifactKey: Guid(ceb0060994f43d8449c67cbea287a90c) Importer(815301076,1909f56bfc062723c751e8b465ee728b)
Start importing Assets/Prefabs/Product Prefabs/wired_earphones Variant.prefab using Guid(ceb0060994f43d8449c67cbea287a90c) Importer(815301076,1909f56bfc062723c751e8b465ee728b)  -> (artifact id: '479db544f954c18d0f43fbd010501ade') in 0.019024 seconds 
  Import took 0.023092 seconds .

========================================================================
Received Import Request.
  Time since last request: 0.000357 seconds.
  path: Assets/Prefabs/Product Prefabs/wireless_earphones.prefab
  artifactKey: Guid(3796fd9a25639bc4c98a5bde41fc2fa8) Importer(815301076,1909f56bfc062723c751e8b465ee728b)
Start importing Assets/Prefabs/Product Prefabs/wireless_earphones.prefab using Guid(3796fd9a25639bc4c98a5bde41fc2fa8) Importer(815301076,1909f56bfc062723c751e8b465ee728b)  -> (artifact id: '19c58ed7c5dfcfd836281b5b734076fa') in 0.018372 seconds 
  Import took 0.021862 seconds .

========================================================================
Received Import Request.
  Time since last request: 0.000303 seconds.
  path: Assets/Prefabs/Product Prefabs/wired_mouse Variant.prefab
  artifactKey: Guid(3536b5150d2b8d243bc52c9367efe410) Importer(815301076,1909f56bfc062723c751e8b465ee728b)
Start importing Assets/Prefabs/Product Prefabs/wired_mouse Variant.prefab using Guid(3536b5150d2b8d243bc52c9367efe410) Importer(815301076,1909f56bfc062723c751e8b465ee728b)  -> (artifact id: '17f6a58f1dcee203f568b0356a697100') in 0.018980 seconds 
  Import took 0.022492 seconds .

========================================================================
Received Import Request.
  Time since last request: 0.000432 seconds.
  path: Assets/Prefabs/Product Prefabs/wired_headphones.prefab
  artifactKey: Guid(c0d6961131b61264fa393c0550d8063a) Importer(815301076,1909f56bfc062723c751e8b465ee728b)
Start importing Assets/Prefabs/Product Prefabs/wired_headphones.prefab using Guid(c0d6961131b61264fa393c0550d8063a) Importer(815301076,1909f56bfc062723c751e8b465ee728b)  -> (artifact id: '90017f19dd6132fb0ae07c36e55ec827') in 0.015202 seconds 
  Import took 0.019487 seconds .

========================================================================
Received Import Request.
  Time since last request: 0.000519 seconds.
  path: Assets/Prefabs/Product Prefabs/candybar.prefab
  artifactKey: Guid(2e5bfc15618c2c242a1dd91c55e3ca11) Importer(815301076,1909f56bfc062723c751e8b465ee728b)
Start importing Assets/Prefabs/Product Prefabs/candybar.prefab using Guid(2e5bfc15618c2c242a1dd91c55e3ca11) Importer(815301076,1909f56bfc062723c751e8b465ee728b)  -> (artifact id: '641c88c57f75df12df1bd43c70f45ab0') in 0.019060 seconds 
  Import took 0.022529 seconds .

========================================================================
Received Import Request.
  Time since last request: 0.000276 seconds.
  path: Assets/Prefabs/Product Prefabs/cheap_laptop.prefab
  artifactKey: Guid(a4d06dccbade87c4aab925956b778722) Importer(815301076,1909f56bfc062723c751e8b465ee728b)
Start importing Assets/Prefabs/Product Prefabs/cheap_laptop.prefab using Guid(a4d06dccbade87c4aab925956b778722) Importer(815301076,1909f56bfc062723c751e8b465ee728b)  -> (artifact id: 'f9e813035bff08863c273dd50a6fb647') in 0.018265 seconds 
  Import took 0.021648 seconds .

========================================================================
Received Import Request.
  Time since last request: 0.000344 seconds.
  path: Assets/Prefabs/Product Prefabs/expensive_console Variant.prefab
  artifactKey: Guid(b6fd4da7bf747874f8e5e76712068423) Importer(815301076,1909f56bfc062723c751e8b465ee728b)
Start importing Assets/Prefabs/Product Prefabs/expensive_console Variant.prefab using Guid(b6fd4da7bf747874f8e5e76712068423) Importer(815301076,1909f56bfc062723c751e8b465ee728b)  -> (artifact id: '31dad4e12192b07af0bbcfd7e01ce594') in 0.019746 seconds 
  Import took 0.024220 seconds .

========================================================================
Received Import Request.
  Time since last request: 0.000286 seconds.
  path: Assets/Prefabs/Product Prefabs/wall_mounted_tv.prefab
  artifactKey: Guid(8c3e487e600f5554884cd21a5cc992e6) Importer(815301076,1909f56bfc062723c751e8b465ee728b)
Start importing Assets/Prefabs/Product Prefabs/wall_mounted_tv.prefab using Guid(8c3e487e600f5554884cd21a5cc992e6) Importer(815301076,1909f56bfc062723c751e8b465ee728b)  -> (artifact id: 'cde030590f64fb344166a4ff960e4fff') in 0.018998 seconds 
  Import took 0.022453 seconds .

========================================================================
Received Import Request.
  Time since last request: 0.000355 seconds.
  path: Assets/Prefabs/Product Prefabs/cheap_pc Variant.prefab
  artifactKey: Guid(f81fd038e1e90ab4ba570d2ca2dfd826) Importer(815301076,1909f56bfc062723c751e8b465ee728b)
Start importing Assets/Prefabs/Product Prefabs/cheap_pc Variant.prefab using Guid(f81fd038e1e90ab4ba570d2ca2dfd826) Importer(815301076,1909f56bfc062723c751e8b465ee728b)  -> (artifact id: 'ff44479e750f639b030fc9d9822e8a08') in 0.018860 seconds 
  Import took 0.022491 seconds .

========================================================================
Received Import Request.
  Time since last request: 0.000361 seconds.
  path: Assets/Prefabs/Product Prefabs/large_speaker.prefab
  artifactKey: Guid(f59a36a5cea494f499dc7f9c45ae882d) Importer(815301076,1909f56bfc062723c751e8b465ee728b)
Start importing Assets/Prefabs/Product Prefabs/large_speaker.prefab using Guid(f59a36a5cea494f499dc7f9c45ae882d) Importer(815301076,1909f56bfc062723c751e8b465ee728b)  -> (artifact id: '340c620e43545cdc3b981c98217840f4') in 0.020246 seconds 
  Import took 0.024337 seconds .

========================================================================
Received Import Request.
  Time since last request: 0.000301 seconds.
  path: Assets/Prefabs/Product Prefabs/console.prefab
  artifactKey: Guid(8156b77b84676f244a96dc64c81bc841) Importer(815301076,1909f56bfc062723c751e8b465ee728b)
Start importing Assets/Prefabs/Product Prefabs/console.prefab using Guid(8156b77b84676f244a96dc64c81bc841) Importer(815301076,1909f56bfc062723c751e8b465ee728b)  -> (artifact id: '0135c43640a83e90ab9ea81bc4d748cf') in 0.023556 seconds 
  Import took 0.027427 seconds .

========================================================================
Received Import Request.
  Time since last request: 0.000325 seconds.
  path: Assets/Prefabs/Product Prefabs/mouse Variant.prefab
  artifactKey: Guid(581725662f709d145a0c055fcc6915d6) Importer(815301076,1909f56bfc062723c751e8b465ee728b)
Start importing Assets/Prefabs/Product Prefabs/mouse Variant.prefab using Guid(581725662f709d145a0c055fcc6915d6) Importer(815301076,1909f56bfc062723c751e8b465ee728b)  -> (artifact id: 'bf744ac086f8a90dd845291b7a40528c') in 0.018799 seconds 
  Import took 0.022427 seconds .

========================================================================
Received Import Request.
  Time since last request: 0.000271 seconds.
  path: Assets/Prefabs/Product Prefabs/keyboard1 Variant.prefab
  artifactKey: Guid(f5ab9d71b425c3a42b5b41862e0c8ac6) Importer(815301076,1909f56bfc062723c751e8b465ee728b)
Start importing Assets/Prefabs/Product Prefabs/keyboard1 Variant.prefab using Guid(f5ab9d71b425c3a42b5b41862e0c8ac6) Importer(815301076,1909f56bfc062723c751e8b465ee728b)  -> (artifact id: '01bfec7a4cd64e5565a1789fd149000f') in 0.019306 seconds 
  Import took 0.022820 seconds .

========================================================================
Received Import Request.
  Time since last request: 0.000367 seconds.
  path: Assets/Prefabs/Product Prefabs/keyboard1.prefab
  artifactKey: Guid(26d567ca1f5d28e46a0e9ace6328836d) Importer(815301076,1909f56bfc062723c751e8b465ee728b)
Start importing Assets/Prefabs/Product Prefabs/keyboard1.prefab using Guid(26d567ca1f5d28e46a0e9ace6328836d) Importer(815301076,1909f56bfc062723c751e8b465ee728b)  -> (artifact id: 'c71f67ce990a80707689fc179743211a') in 0.019161 seconds 
  Import took 0.023231 seconds .

========================================================================
Received Import Request.
  Time since last request: 3.906321 seconds.
  path: Assets/Prefabs/Product Prefabs/Test Object with textures/all_in_one_pc.fbx
  artifactKey: Guid(806509e8f63741b4e8a8110576d170c2) Importer(815301076,1909f56bfc062723c751e8b465ee728b)
Start importing Assets/Prefabs/Product Prefabs/Test Object with textures/all_in_one_pc.fbx using Guid(806509e8f63741b4e8a8110576d170c2) Importer(815301076,1909f56bfc062723c751e8b465ee728b)  -> (artifact id: 'c808bf2d7e45db2c083fd5e0faf55801') in 0.112860 seconds 
  Import took 0.116311 seconds .

========================================================================
Received Import Request.
  Time since last request: 0.000334 seconds.
  path: Assets/Prefabs/Product Prefabs/Test Object with textures/wired_controller.fbx
  artifactKey: Guid(bc278f51346c80a43830f869a0399f92) Importer(815301076,1909f56bfc062723c751e8b465ee728b)
Start importing Assets/Prefabs/Product Prefabs/Test Object with textures/wired_controller.fbx using Guid(bc278f51346c80a43830f869a0399f92) Importer(815301076,1909f56bfc062723c751e8b465ee728b)  -> (artifact id: 'd0a55d9995202b26e123eeafee41adae') in 0.025834 seconds 
  Import took 0.029054 seconds .

========================================================================
Received Import Request.
  Time since last request: 0.000387 seconds.
  path: Assets/Prefabs/Product Prefabs/Test Object with textures/controller.fbx
  artifactKey: Guid(58121a126d123ef4bba93e02fcc9782e) Importer(815301076,1909f56bfc062723c751e8b465ee728b)
Start importing Assets/Prefabs/Product Prefabs/Test Object with textures/controller.fbx using Guid(58121a126d123ef4bba93e02fcc9782e) Importer(815301076,1909f56bfc062723c751e8b465ee728b)  -> (artifact id: '72bab22ebafc420688e160acb7ac2e33') in 0.028960 seconds 
  Import took 0.032175 seconds .

========================================================================
Received Import Request.
  Time since last request: 0.000331 seconds.
  path: Assets/Prefabs/Product Prefabs/Test Object with textures/wireless_headphones.fbx
  artifactKey: Guid(9ca9a3b3be756e8479572159e82f83b5) Importer(815301076,1909f56bfc062723c751e8b465ee728b)
Start importing Assets/Prefabs/Product Prefabs/Test Object with textures/wireless_headphones.fbx using Guid(9ca9a3b3be756e8479572159e82f83b5) Importer(815301076,1909f56bfc062723c751e8b465ee728b)  -> (artifact id: '10dbd010c31f8ab419c216013edb0e5a') in 0.030066 seconds 
  Import took 0.033245 seconds .

========================================================================
Received Import Request.
  Time since last request: 0.000319 seconds.
  path: Assets/Prefabs/Product Prefabs/Test Object with textures/wired_earphones.fbx
  artifactKey: Guid(585b6a5a7254bb84eafe64d496d436c3) Importer(815301076,1909f56bfc062723c751e8b465ee728b)
Start importing Assets/Prefabs/Product Prefabs/Test Object with textures/wired_earphones.fbx using Guid(585b6a5a7254bb84eafe64d496d436c3) Importer(815301076,1909f56bfc062723c751e8b465ee728b)  -> (artifact id: '3519eb6fb83fca883360b9c1c43632d9') in 0.033782 seconds 
  Import took 0.037147 seconds .

========================================================================
Received Import Request.
  Time since last request: 0.000337 seconds.
  path: Assets/Prefabs/Product Prefabs/Test Object with textures/cheap_phone.fbx
  artifactKey: Guid(113f974d2d4fcdf409bb47865563c02d) Importer(815301076,1909f56bfc062723c751e8b465ee728b)
Start importing Assets/Prefabs/Product Prefabs/Test Object with textures/cheap_phone.fbx using Guid(113f974d2d4fcdf409bb47865563c02d) Importer(815301076,1909f56bfc062723c751e8b465ee728b)  -> (artifact id: '808cc245305916db48408fce25d3e6fe') in 0.029451 seconds 
  Import took 0.032887 seconds .

========================================================================
Received Import Request.
  Time since last request: 0.000309 seconds.
  path: Assets/Prefabs/Product Prefabs/Test Object with textures/candybar.fbx
  artifactKey: Guid(995a850b8184b094c8c61f7baeeee18e) Importer(815301076,1909f56bfc062723c751e8b465ee728b)
Start importing Assets/Prefabs/Product Prefabs/Test Object with textures/candybar.fbx using Guid(995a850b8184b094c8c61f7baeeee18e) Importer(815301076,1909f56bfc062723c751e8b465ee728b)  -> (artifact id: '71c837e1cd48b0cd7e8b67ef7f06b74a') in 0.029224 seconds 
  Import took 0.032497 seconds .

========================================================================
Received Import Request.
  Time since last request: 0.000282 seconds.
  path: Assets/Prefabs/Product Prefabs/Test Object with textures/usb_stick_two.fbx
  artifactKey: Guid(39ea39eb645455644b917ffbf579aa0e) Importer(815301076,1909f56bfc062723c751e8b465ee728b)
Start importing Assets/Prefabs/Product Prefabs/Test Object with textures/usb_stick_two.fbx using Guid(39ea39eb645455644b917ffbf579aa0e) Importer(815301076,1909f56bfc062723c751e8b465ee728b)  -> (artifact id: '29724f652ce58fb7a5e8df9bca2c133e') in 0.026927 seconds 
  Import took 0.030244 seconds .

========================================================================
Received Import Request.
  Time since last request: 0.000297 seconds.
  path: Assets/Prefabs/Product Prefabs/Test Object with textures/double_speaker.fbx
  artifactKey: Guid(830d60ae5dbf66349b4f4d0b4ce04d13) Importer(815301076,1909f56bfc062723c751e8b465ee728b)
Start importing Assets/Prefabs/Product Prefabs/Test Object with textures/double_speaker.fbx using Guid(830d60ae5dbf66349b4f4d0b4ce04d13) Importer(815301076,1909f56bfc062723c751e8b465ee728b)  -> (artifact id: 'f7cd0e59315525a83802e33ee4ad03e1') in 0.028214 seconds 
  Import took 0.031534 seconds .

========================================================================
Received Import Request.
  Time since last request: 0.000334 seconds.
  path: Assets/Prefabs/Product Prefabs/Test Object with textures/small_smartwatch.fbx
  artifactKey: Guid(5af152edfc813784e97bcf8368e5c44e) Importer(815301076,1909f56bfc062723c751e8b465ee728b)
Start importing Assets/Prefabs/Product Prefabs/Test Object with textures/small_smartwatch.fbx using Guid(5af152edfc813784e97bcf8368e5c44e) Importer(815301076,1909f56bfc062723c751e8b465ee728b)  -> (artifact id: '837f1f2d144e20794962f1697cce9491') in 0.028321 seconds 
  Import took 0.031654 seconds .

========================================================================
Received Import Request.
  Time since last request: 0.000315 seconds.
  path: Assets/Prefabs/Product Prefabs/Test Object with textures/wireless_earphones.fbx
  artifactKey: Guid(54de8ef3f10e71645a816789b873b0db) Importer(815301076,1909f56bfc062723c751e8b465ee728b)
Start importing Assets/Prefabs/Product Prefabs/Test Object with textures/wireless_earphones.fbx using Guid(54de8ef3f10e71645a816789b873b0db) Importer(815301076,1909f56bfc062723c751e8b465ee728b)  -> (artifact id: '61f1ebb64ae055081f1894296a27417d') in 0.030697 seconds 
  Import took 0.034189 seconds .

========================================================================
Received Import Request.
  Time since last request: 0.000268 seconds.
  path: Assets/Prefabs/Product Prefabs/Test Object with textures/expensive_console.fbx
  artifactKey: Guid(9e09bdc3d84dc81488e0008b7d323232) Importer(815301076,1909f56bfc062723c751e8b465ee728b)
Start importing Assets/Prefabs/Product Prefabs/Test Object with textures/expensive_console.fbx using Guid(9e09bdc3d84dc81488e0008b7d323232) Importer(815301076,1909f56bfc062723c751e8b465ee728b)  -> (artifact id: '147f9672e8d0108f93bd52b099046c22') in 0.032127 seconds 
  Import took 0.035593 seconds .

========================================================================
Received Import Request.
  Time since last request: 0.000358 seconds.
  path: Assets/Prefabs/Product Prefabs/Test Object with textures/cheap_pc_screen.fbx
  artifactKey: Guid(3e56bf9da26dc544caded1d4cf979e2c) Importer(815301076,1909f56bfc062723c751e8b465ee728b)
Start importing Assets/Prefabs/Product Prefabs/Test Object with textures/cheap_pc_screen.fbx using Guid(3e56bf9da26dc544caded1d4cf979e2c) Importer(815301076,1909f56bfc062723c751e8b465ee728b)  -> (artifact id: 'a9db1e24f3b45a6f0f16f08db7fce014') in 0.033852 seconds 
  Import took 0.037337 seconds .

========================================================================
Received Import Request.
  Time since last request: 0.000363 seconds.
  path: Assets/Prefabs/Product Prefabs/Test Object with textures/expensive_laptop.fbx
  artifactKey: Guid(3bd9b145629fc224399d04d73308be95) Importer(815301076,1909f56bfc062723c751e8b465ee728b)
Start importing Assets/Prefabs/Product Prefabs/Test Object with textures/expensive_laptop.fbx using Guid(3bd9b145629fc224399d04d73308be95) Importer(815301076,1909f56bfc062723c751e8b465ee728b)  -> (artifact id: '3d1d623a3b54087834425bd89b0ad3f6') in 0.028884 seconds 
  Import took 0.033033 seconds .

========================================================================
Received Import Request.
  Time since last request: 0.000355 seconds.
  path: Assets/Prefabs/Product Prefabs/Test Object with textures/mouse.fbx
  artifactKey: Guid(68765fcd461129945b350c32611904ef) Importer(815301076,1909f56bfc062723c751e8b465ee728b)
Start importing Assets/Prefabs/Product Prefabs/Test Object with textures/mouse.fbx using Guid(68765fcd461129945b350c32611904ef) Importer(815301076,1909f56bfc062723c751e8b465ee728b)  -> (artifact id: 'd0734d7eecffe93f38bfef9d37d98bb8') in 0.035221 seconds 
  Import took 0.040352 seconds .

========================================================================
Received Import Request.
  Time since last request: 0.000410 seconds.
  path: Assets/Prefabs/Product Prefabs/Test Object with textures/large_speaker.fbx
  artifactKey: Guid(856b5f63ac5df9e47b2c57f107687d15) Importer(815301076,1909f56bfc062723c751e8b465ee728b)
Start importing Assets/Prefabs/Product Prefabs/Test Object with textures/large_speaker.fbx using Guid(856b5f63ac5df9e47b2c57f107687d15) Importer(815301076,1909f56bfc062723c751e8b465ee728b)  -> (artifact id: 'e7cdf2196d39d6129f43a7d791d3772a') in 0.033555 seconds 
  Import took 0.037090 seconds .

========================================================================
Received Import Request.
  Time since last request: 0.000312 seconds.
  path: Assets/Prefabs/Product Prefabs/Test Object with textures/mini_speaker.fbx
  artifactKey: Guid(da1c08fd73329a54490025bb2420a72a) Importer(815301076,1909f56bfc062723c751e8b465ee728b)
Start importing Assets/Prefabs/Product Prefabs/Test Object with textures/mini_speaker.fbx using Guid(da1c08fd73329a54490025bb2420a72a) Importer(815301076,1909f56bfc062723c751e8b465ee728b)  -> (artifact id: '7fadca9ef19091bb5b782c15b8e47c71') in 0.030952 seconds 
  Import took 0.035076 seconds .

========================================================================
Received Import Request.
  Time since last request: 0.000443 seconds.
  path: Assets/Prefabs/Product Prefabs/Test Object with textures/TV.fbx
  artifactKey: Guid(939e90f6a990f32409147bb23dd63c48) Importer(815301076,1909f56bfc062723c751e8b465ee728b)
Start importing Assets/Prefabs/Product Prefabs/Test Object with textures/TV.fbx using Guid(939e90f6a990f32409147bb23dd63c48) Importer(815301076,1909f56bfc062723c751e8b465ee728b)  -> (artifact id: 'b6a06c62183ce7b45d5d60c782d4d271') in 0.032223 seconds 
  Import took 0.036079 seconds .

========================================================================
Received Import Request.
  Time since last request: 0.000470 seconds.
  path: Assets/Prefabs/Product Prefabs/Test Object with textures/keyboard1.fbx
  artifactKey: Guid(24069b2a5faa8134c8ff8211f1e1e1c2) Importer(815301076,1909f56bfc062723c751e8b465ee728b)
Start importing Assets/Prefabs/Product Prefabs/Test Object with textures/keyboard1.fbx using Guid(24069b2a5faa8134c8ff8211f1e1e1c2) Importer(815301076,1909f56bfc062723c751e8b465ee728b)  -> (artifact id: '6204707d3b8688622665f6fd6d26d3cf') in 0.031840 seconds 
  Import took 0.035979 seconds .

========================================================================
Received Import Request.
  Time since last request: 0.000553 seconds.
  path: Assets/Prefabs/Product Prefabs/Test Object with textures/wired_controller Variant.prefab
  artifactKey: Guid(edeb79923ecdd95468fb5ab5f79d35d0) Importer(815301076,1909f56bfc062723c751e8b465ee728b)
Start importing Assets/Prefabs/Product Prefabs/Test Object with textures/wired_controller Variant.prefab using Guid(edeb79923ecdd95468fb5ab5f79d35d0) Importer(815301076,1909f56bfc062723c751e8b465ee728b)  -> (artifact id: 'bba8142aa91ef05318c8315067edff04') in 0.025329 seconds 
  Import took 0.030369 seconds .

========================================================================
Received Import Request.
  Time since last request: 0.000389 seconds.
  path: Assets/Prefabs/Product Prefabs/Test Object with textures/wireless_keyboard.fbx
  artifactKey: Guid(e6bf648cc7564cd4cbcd4a8d28bced23) Importer(815301076,1909f56bfc062723c751e8b465ee728b)
Start importing Assets/Prefabs/Product Prefabs/Test Object with textures/wireless_keyboard.fbx using Guid(e6bf648cc7564cd4cbcd4a8d28bced23) Importer(815301076,1909f56bfc062723c751e8b465ee728b)  -> (artifact id: 'af3ed1cb93982ed00fe53889f533b41f') in 0.032810 seconds 
  Import took 0.038342 seconds .

========================================================================
Received Import Request.
  Time since last request: 0.000327 seconds.
  path: Assets/Prefabs/Product Prefabs/Test Object with textures/cheap_smartwatch.fbx
  artifactKey: Guid(34e36504e7e2299449d49f5c929be5a7) Importer(815301076,1909f56bfc062723c751e8b465ee728b)
Start importing Assets/Prefabs/Product Prefabs/Test Object with textures/cheap_smartwatch.fbx using Guid(34e36504e7e2299449d49f5c929be5a7) Importer(815301076,1909f56bfc062723c751e8b465ee728b)  -> (artifact id: 'd7c5ef2b7b499c6bd9015a591e1b6dd0') in 0.032968 seconds 
  Import took 0.036726 seconds .

========================================================================
Received Import Request.
  Time since last request: 0.000407 seconds.
  path: Assets/Prefabs/Product Prefabs/Test Object with textures/console.fbx
  artifactKey: Guid(daf94cfa463f62248b7c325774602cea) Importer(815301076,1909f56bfc062723c751e8b465ee728b)
Start importing Assets/Prefabs/Product Prefabs/Test Object with textures/console.fbx using Guid(daf94cfa463f62248b7c325774602cea) Importer(815301076,1909f56bfc062723c751e8b465ee728b)  -> (artifact id: '8a44921e9a5a83b7ed1443e325d884df') in 0.032756 seconds 
  Import took 0.037659 seconds .

========================================================================
Received Import Request.
  Time since last request: 0.000432 seconds.
  path: Assets/Prefabs/Product Prefabs/Test Object with textures/expensive_phone.fbx
  artifactKey: Guid(a9e6d83ff006d2545983ed3d39fbc265) Importer(815301076,1909f56bfc062723c751e8b465ee728b)
Start importing Assets/Prefabs/Product Prefabs/Test Object with textures/expensive_phone.fbx using Guid(a9e6d83ff006d2545983ed3d39fbc265) Importer(815301076,1909f56bfc062723c751e8b465ee728b)  -> (artifact id: '8672686f54c7bf6e0357ddad6522fbd8') in 0.031395 seconds 
  Import took 0.036714 seconds .

========================================================================
Received Import Request.
  Time since last request: 0.000606 seconds.
  path: Assets/Prefabs/Product Prefabs/Test Object with textures/expensive_smartwatch.fbx
  artifactKey: Guid(c5a90a23476398d42bb6a8835e138ba8) Importer(815301076,1909f56bfc062723c751e8b465ee728b)
Start importing Assets/Prefabs/Product Prefabs/Test Object with textures/expensive_smartwatch.fbx using Guid(c5a90a23476398d42bb6a8835e138ba8) Importer(815301076,1909f56bfc062723c751e8b465ee728b)  -> (artifact id: 'e8468df0ed5293ed09dc8573ed08124f') in 0.029441 seconds 
  Import took 0.034638 seconds .

========================================================================
Received Import Request.
  Time since last request: 0.000404 seconds.
  path: Assets/Prefabs/Product Prefabs/Test Object with textures/pc.fbx
  artifactKey: Guid(38d689aac677f464aad311f34a1efa60) Importer(815301076,1909f56bfc062723c751e8b465ee728b)
Start importing Assets/Prefabs/Product Prefabs/Test Object with textures/pc.fbx using Guid(38d689aac677f464aad311f34a1efa60) Importer(815301076,1909f56bfc062723c751e8b465ee728b)  -> (artifact id: '35ca8921ab0cc3e054bf9b0567d1471a') in 0.031708 seconds 
  Import took 0.035375 seconds .

========================================================================
Received Import Request.
  Time since last request: 0.000338 seconds.
  path: Assets/Prefabs/Product Prefabs/Test Object with textures/small can.fbx
  artifactKey: Guid(decc305872767424c8b9d6b6bf6a52e5) Importer(815301076,1909f56bfc062723c751e8b465ee728b)
Start importing Assets/Prefabs/Product Prefabs/Test Object with textures/small can.fbx using Guid(decc305872767424c8b9d6b6bf6a52e5) Importer(815301076,1909f56bfc062723c751e8b465ee728b)  -> (artifact id: '1f14599a4ffa12a0aae84be202b23a95') in 0.028367 seconds 
  Import took 0.031709 seconds .

========================================================================
Received Import Request.
  Time since last request: 0.000305 seconds.
  path: Assets/Prefabs/Product Prefabs/Test Object with textures/expensive_pc_screen.fbx
  artifactKey: Guid(71a3e96bc7a631148b19216125be988f) Importer(815301076,1909f56bfc062723c751e8b465ee728b)
Start importing Assets/Prefabs/Product Prefabs/Test Object with textures/expensive_pc_screen.fbx using Guid(71a3e96bc7a631148b19216125be988f) Importer(815301076,1909f56bfc062723c751e8b465ee728b)  -> (artifact id: '8f3c039345e2e309918ac2996c950dd3') in 0.028641 seconds 
  Import took 0.031901 seconds .

========================================================================
Received Import Request.
  Time since last request: 0.000292 seconds.
  path: Assets/Prefabs/Product Prefabs/Test Object with textures/usb_stick.fbx
  artifactKey: Guid(056b37b5616888f4c92a56dc8c6eb01b) Importer(815301076,1909f56bfc062723c751e8b465ee728b)
Start importing Assets/Prefabs/Product Prefabs/Test Object with textures/usb_stick.fbx using Guid(056b37b5616888f4c92a56dc8c6eb01b) Importer(815301076,1909f56bfc062723c751e8b465ee728b)  -> (artifact id: 'f34458729b1954e722dcd2f965542f97') in 0.026201 seconds 
  Import took 0.029781 seconds .

========================================================================
Received Import Request.
  Time since last request: 0.000421 seconds.
  path: Assets/Prefabs/Product Prefabs/Test Object with textures/ipad.fbx
  artifactKey: Guid(6d338510693f7d749bb3023502b591cb) Importer(815301076,1909f56bfc062723c751e8b465ee728b)
Start importing Assets/Prefabs/Product Prefabs/Test Object with textures/ipad.fbx using Guid(6d338510693f7d749bb3023502b591cb) Importer(815301076,1909f56bfc062723c751e8b465ee728b)  -> (artifact id: 'd20fe5c5f130740d624783c26c96181d') in 0.028559 seconds 
  Import took 0.032377 seconds .

========================================================================
Received Import Request.
  Time since last request: 0.000447 seconds.
  path: Assets/Prefabs/Product Prefabs/Test Object with textures/cheap_laptop.fbx
  artifactKey: Guid(248ec5c77aa9fc14490d46a98b5ed2c8) Importer(815301076,1909f56bfc062723c751e8b465ee728b)
Start importing Assets/Prefabs/Product Prefabs/Test Object with textures/cheap_laptop.fbx using Guid(248ec5c77aa9fc14490d46a98b5ed2c8) Importer(815301076,1909f56bfc062723c751e8b465ee728b)  -> (artifact id: '5abcf4cfbde3552e7b39f5fb89d61f1f') in 0.028959 seconds 
  Import took 0.032813 seconds .

========================================================================
Received Import Request.
  Time since last request: 0.000389 seconds.
  path: Assets/Prefabs/Product Prefabs/Test Object with textures/wired_mouse.fbx
  artifactKey: Guid(fc572d2d251d6104c8a5c900c2bf232e) Importer(815301076,1909f56bfc062723c751e8b465ee728b)
Start importing Assets/Prefabs/Product Prefabs/Test Object with textures/wired_mouse.fbx using Guid(fc572d2d251d6104c8a5c900c2bf232e) Importer(815301076,1909f56bfc062723c751e8b465ee728b)  -> (artifact id: '4e345f564ce3a982c17f48ce0bcf4b48') in 0.032243 seconds 
  Import took 0.035845 seconds .

========================================================================
Received Import Request.
  Time since last request: 0.000268 seconds.
  path: Assets/Prefabs/Product Prefabs/Test Object with textures/tablet.fbx
  artifactKey: Guid(b07155b4d43cfc24396ac1dc1678b4b1) Importer(815301076,1909f56bfc062723c751e8b465ee728b)
Start importing Assets/Prefabs/Product Prefabs/Test Object with textures/tablet.fbx using Guid(b07155b4d43cfc24396ac1dc1678b4b1) Importer(815301076,1909f56bfc062723c751e8b465ee728b)  -> (artifact id: 'aafc1050d157dd4b03c2286a4c728b67') in 0.027032 seconds 
  Import took 0.030589 seconds .

========================================================================
Received Import Request.
  Time since last request: 0.000457 seconds.
  path: Assets/Prefabs/Product Prefabs/Test Object with textures/cheap_pc.fbx
  artifactKey: Guid(c8a27cd9b5cb31e4a9ee70327d6898f0) Importer(815301076,1909f56bfc062723c751e8b465ee728b)
Start importing Assets/Prefabs/Product Prefabs/Test Object with textures/cheap_pc.fbx using Guid(c8a27cd9b5cb31e4a9ee70327d6898f0) Importer(815301076,1909f56bfc062723c751e8b465ee728b)  -> (artifact id: '52b1ce08ae15c948d29c77605ba7ca86') in 0.028519 seconds 
  Import took 0.032625 seconds .

========================================================================
Received Import Request.
  Time since last request: 0.000332 seconds.
  path: Assets/Prefabs/Product Prefabs/Test Object with textures/wired_headphones.fbx
  artifactKey: Guid(221fdf7ca960b0744978fd387cb8e7a8) Importer(815301076,1909f56bfc062723c751e8b465ee728b)
Start importing Assets/Prefabs/Product Prefabs/Test Object with textures/wired_headphones.fbx using Guid(221fdf7ca960b0744978fd387cb8e7a8) Importer(815301076,1909f56bfc062723c751e8b465ee728b)  -> (artifact id: '3e843ff2c1a8cb2fac2be0bde4e9d428') in 0.030248 seconds 
  Import took 0.033962 seconds .

========================================================================
Received Import Request.
  Time since last request: 0.000259 seconds.
  path: Assets/Prefabs/Product Prefabs/Test Object with textures/wall_mounted_tv.fbx
  artifactKey: Guid(4ce8c747f0a561f4bb18f97ec0752fc5) Importer(815301076,1909f56bfc062723c751e8b465ee728b)
Start importing Assets/Prefabs/Product Prefabs/Test Object with textures/wall_mounted_tv.fbx using Guid(4ce8c747f0a561f4bb18f97ec0752fc5) Importer(815301076,1909f56bfc062723c751e8b465ee728b)  -> (artifact id: 'bf5ea6d393f21556a8cf783b3a02db35') in 0.029729 seconds 
  Import took 0.033132 seconds .

AssetImportWorkerClient::OnTransportError - code=2 error=End of file
