Using pre-set license
Built from '2020.3/staging' branch; Version is '2020.3.19f1 (68f137dc9bbe) revision 6877495'; Using compiler version '192528614'; Build Type 'Release'
OS: 'Windows 10 Education; OS build 19044.1586; Version 2009; 64bit' Language: 'en' Physical Memory: 65379 MB
BatchMode: 1, IsHumanControllingUs: 0, StartBugReporterOnCrash: 0, Is64bit: 1, IsPro: 0

COMMAND LINE ARGUMENTS:
C:\Program Files\Unity\Hub\Editor\2020.3.19f1\Editor\Unity.exe
-adb2
-batchMode
-noUpm
-name
AssetImportWorker0
-projectPath
L:/Group Project/Github Game/Group-9-Repository/Group Project CW
-logFile
Logs/AssetImportWorker0.log
-srvPort
59147
Successfully changed project path to: L:/Group Project/Github Game/Group-9-Repository/Group Project CW
L:/Group Project/Github Game/Group-9-Repository/Group Project CW
Using Asset Import Pipeline V2.
Refreshing native plugins compatible for Editor in 49.63 ms, found 2 plugins.
Preloading 0 native plugins for Editor in 0.00 ms.
Initialize engine version: 2020.3.19f1 (68f137dc9bbe)
[Subsystems] Discovering subsystems at path C:/Program Files/Unity/Hub/Editor/2020.3.19f1/Editor/Data/Resources/UnitySubsystems
[Subsystems] Discovering subsystems at path L:/Group Project/Github Game/Group-9-Repository/Group Project CW/Assets
GfxDevice: creating device client; threaded=0
Direct3D:
    Version:  Direct3D 11.0 [level 11.1]
    Renderer: NVIDIA GeForce RTX 3080 (ID=0x2206)
    Vendor:   
    VRAM:     10078 MB
    Driver:   27.21.14.5671
Initialize mono
Mono path[0] = 'C:/Program Files/Unity/Hub/Editor/2020.3.19f1/Editor/Data/Managed'
Mono path[1] = 'C:/Program Files/Unity/Hub/Editor/2020.3.19f1/Editor/Data/MonoBleedingEdge/lib/mono/unityjit'
Mono config path = 'C:/Program Files/Unity/Hub/Editor/2020.3.19f1/Editor/Data/MonoBleedingEdge/etc'
Using monoOptions --debugger-agent=transport=dt_socket,embedding=1,server=y,suspend=n,address=127.0.0.1:56732
Begin MonoManager ReloadAssembly
Registering precompiled unity dll's ...
Register platform support module: C:/Program Files/Unity/Hub/Editor/2020.3.19f1/Editor/Data/PlaybackEngines/WebGLSupport/UnityEditor.WebGL.Extensions.dll
Register platform support module: C:/Program Files/Unity/Hub/Editor/2020.3.19f1/Editor/Data/PlaybackEngines/WindowsStandaloneSupport/UnityEditor.WindowsStandalone.Extensions.dll
Registered in 0.001801 seconds.
Native extension for WindowsStandalone target not found
Native extension for WebGL target not found
Refreshing native plugins compatible for Editor in 30.64 ms, found 2 plugins.
Preloading 0 native plugins for Editor in 0.00 ms.
Mono: successfully reloaded assembly
- Completed reload, in  1.657 seconds
Domain Reload Profiling:
	ReloadAssembly (1657ms)
		BeginReloadAssembly (42ms)
			ExecutionOrderSort (0ms)
			DisableScriptedObjects (0ms)
			BackupInstance (0ms)
			ReleaseScriptingObjects (0ms)
			CreateAndSetChildDomain (1ms)
		EndReloadAssembly (331ms)
			LoadAssemblies (40ms)
			RebuildTransferFunctionScriptingTraits (0ms)
			SetupTypeCache (122ms)
			ReleaseScriptCaches (0ms)
			RebuildScriptCaches (23ms)
			SetupLoadedEditorAssemblies (126ms)
				LogAssemblyErrors (0ms)
				InitializePlatformSupportModulesInManaged (4ms)
				SetLoadedEditorAssemblies (0ms)
				RefreshPlugins (31ms)
				BeforeProcessingInitializeOnLoad (7ms)
				ProcessInitializeOnLoadAttributes (63ms)
				ProcessInitializeOnLoadMethodAttributes (22ms)
				AfterProcessingInitializeOnLoad (0ms)
				EditorAssembliesLoaded (0ms)
			ExecutionOrderSort2 (0ms)
			AwakeInstancesAfterBackupRestoration (0ms)
Platform modules already initialized, skipping
Registering precompiled user dll's ...
Registered in 0.001638 seconds.
Begin MonoManager ReloadAssembly
Native extension for WindowsStandalone target not found
Native extension for WebGL target not found
Refreshing native plugins compatible for Editor in 0.34 ms, found 2 plugins.
Preloading 0 native plugins for Editor in 0.00 ms.
Mono: successfully reloaded assembly
- Completed reload, in  0.830 seconds
Domain Reload Profiling:
	ReloadAssembly (831ms)
		BeginReloadAssembly (117ms)
			ExecutionOrderSort (0ms)
			DisableScriptedObjects (4ms)
			BackupInstance (0ms)
			ReleaseScriptingObjects (0ms)
			CreateAndSetChildDomain (15ms)
		EndReloadAssembly (660ms)
			LoadAssemblies (82ms)
			RebuildTransferFunctionScriptingTraits (0ms)
			SetupTypeCache (222ms)
			ReleaseScriptCaches (0ms)
			RebuildScriptCaches (34ms)
			SetupLoadedEditorAssemblies (240ms)
				LogAssemblyErrors (0ms)
				InitializePlatformSupportModulesInManaged (5ms)
				SetLoadedEditorAssemblies (0ms)
				RefreshPlugins (0ms)
				BeforeProcessingInitializeOnLoad (43ms)
				ProcessInitializeOnLoadAttributes (177ms)
				ProcessInitializeOnLoadMethodAttributes (9ms)
				AfterProcessingInitializeOnLoad (5ms)
				EditorAssembliesLoaded (0ms)
			ExecutionOrderSort2 (0ms)
			AwakeInstancesAfterBackupRestoration (6ms)
Platform modules already initialized, skipping
========================================================================
Worker process is ready to serve import requests
Launched and connected shader compiler UnityShaderCompiler.exe after 0.07 seconds
Refreshing native plugins compatible for Editor in 0.35 ms, found 2 plugins.
Preloading 0 native plugins for Editor in 0.00 ms.
Unloading 1510 Unused Serialized files (Serialized files now loaded: 0)
System memory in use before: 71.9 MB.
System memory in use after: 72.0 MB.

Unloading 20 unused Assets to reduce memory usage. Loaded Objects now: 1951.
Total: 2.885700 ms (FindLiveObjects: 0.175100 ms CreateObjectMapping: 0.057200 ms MarkObjects: 2.564100 ms  DeleteObjects: 0.088000 ms)

AssetImportParameters requested are different than current active one (requested -> active):
  custom:framework-win-MediaFoundation: 216162199b28c13a410421893ffa2e32 -> 
  custom:video-decoder-ogg-theora: a1e56fd34408186e4bbccfd4996cb3dc -> 
  custom:container-muxer-webm: aa71ff27fc2769a1b78a27578f13a17b -> 
  custom:container-demuxer-webm: 4f35f7cbe854078d1ac9338744f61a02 -> 
  custom:container-demuxer-ogg: 62fdf1f143b41e24485cea50d1cbac27 -> 
  custom:video-encoder-webm-vp8: eb34c28f22e8b96e1ab97ce403110664 -> 
  custom:video-decoder-webm-vp8: 9c59270c3fd7afecdb556c50c9e8de78 -> 
  custom:audio-decoder-ogg-vorbis: bf7c407c2cedff20999df2af8eb42d56 -> 
  custom:audio-encoder-webm-vorbis: bf7c407c2cedff20999df2af8eb42d56 -> 
========================================================================
Received Import Request.
  path: Assets/New Terrain.asset
  artifactKey: Guid(d1d522a4db13d8849abb1a41e0974e10) Importer(815301076,1909f56bfc062723c751e8b465ee728b)
Start importing Assets/New Terrain.asset using Guid(d1d522a4db13d8849abb1a41e0974e10) Importer(815301076,1909f56bfc062723c751e8b465ee728b)  -> (artifact id: '92abf0d329412e8e360dc935126d5db1') in 0.083992 seconds 
  Import took 0.086631 seconds .

========================================================================
Received Import Request.
  Time since last request: 17.016187 seconds.
  path: Assets/Scripts
  artifactKey: Guid(718c61e2c7f5f7b4ab914e4a4d32d606) Importer(815301076,1909f56bfc062723c751e8b465ee728b)
Start importing Assets/Scripts using Guid(718c61e2c7f5f7b4ab914e4a4d32d606) Importer(815301076,1909f56bfc062723c751e8b465ee728b)  -> (artifact id: '0bdc384ac6e622bdbe2718437df82a94') in 0.098346 seconds 
  Import took 0.100387 seconds .

========================================================================
Received Import Request.
  Time since last request: 7.494031 seconds.
  path: Assets/Scripts/ButtonControl.cs
  artifactKey: Guid(de433b549727cb945ab033e7221c6ec2) Importer(815301076,1909f56bfc062723c751e8b465ee728b)
Start importing Assets/Scripts/ButtonControl.cs using Guid(de433b549727cb945ab033e7221c6ec2) Importer(815301076,1909f56bfc062723c751e8b465ee728b)  -> (artifact id: '03207a4c03a23216f4b9ecd12283b09b') in 0.083694 seconds 
  Import took 0.085980 seconds .

========================================================================
Received Import Request.
  Time since last request: 148.565354 seconds.
  path: Assets/Scripts/Pause.cs
  artifactKey: Guid(6693fc1595783fc42b5a1feacafa84e9) Importer(815301076,1909f56bfc062723c751e8b465ee728b)
Start importing Assets/Scripts/Pause.cs using Guid(6693fc1595783fc42b5a1feacafa84e9) Importer(815301076,1909f56bfc062723c751e8b465ee728b)  -> (artifact id: 'd8fb32d09fb08d14d327d21023ab468f') in 0.036661 seconds 
  Import took 0.038888 seconds .

========================================================================
Received Prepare
Registering precompiled user dll's ...
Registered in 0.001578 seconds.
Begin MonoManager ReloadAssembly
Native extension for WindowsStandalone target not found
Native extension for WebGL target not found
Refreshing native plugins compatible for Editor in 0.40 ms, found 2 plugins.
Preloading 0 native plugins for Editor in 0.00 ms.
Mono: successfully reloaded assembly
- Completed reload, in  0.739 seconds
Domain Reload Profiling:
	ReloadAssembly (740ms)
		BeginReloadAssembly (88ms)
			ExecutionOrderSort (0ms)
			DisableScriptedObjects (5ms)
			BackupInstance (0ms)
			ReleaseScriptingObjects (0ms)
			CreateAndSetChildDomain (25ms)
		EndReloadAssembly (602ms)
			LoadAssemblies (75ms)
			RebuildTransferFunctionScriptingTraits (0ms)
			SetupTypeCache (206ms)
			ReleaseScriptCaches (1ms)
			RebuildScriptCaches (29ms)
			SetupLoadedEditorAssemblies (208ms)
				LogAssemblyErrors (0ms)
				InitializePlatformSupportModulesInManaged (5ms)
				SetLoadedEditorAssemblies (0ms)
				RefreshPlugins (0ms)
				BeforeProcessingInitializeOnLoad (43ms)
				ProcessInitializeOnLoadAttributes (150ms)
				ProcessInitializeOnLoadMethodAttributes (5ms)
				AfterProcessingInitializeOnLoad (5ms)
				EditorAssembliesLoaded (0ms)
			ExecutionOrderSort2 (0ms)
			AwakeInstancesAfterBackupRestoration (5ms)
Platform modules already initialized, skipping
Refreshing native plugins compatible for Editor in 0.35 ms, found 2 plugins.
Preloading 0 native plugins for Editor in 0.00 ms.
Unloading 1491 Unused Serialized files (Serialized files now loaded: 0)
System memory in use before: 71.3 MB.
System memory in use after: 70.9 MB.

Unloading 13 unused Assets to reduce memory usage. Loaded Objects now: 1954.
Total: 2.788700 ms (FindLiveObjects: 0.180900 ms CreateObjectMapping: 0.039200 ms MarkObjects: 2.255700 ms  DeleteObjects: 0.311800 ms)

AssetImportParameters requested are different than current active one (requested -> active):
  custom:framework-win-MediaFoundation: 216162199b28c13a410421893ffa2e32 -> 
  custom:video-decoder-ogg-theora: a1e56fd34408186e4bbccfd4996cb3dc -> 
  custom:container-muxer-webm: aa71ff27fc2769a1b78a27578f13a17b -> 
  custom:container-demuxer-webm: 4f35f7cbe854078d1ac9338744f61a02 -> 
  custom:container-demuxer-ogg: 62fdf1f143b41e24485cea50d1cbac27 -> 
  custom:video-encoder-webm-vp8: eb34c28f22e8b96e1ab97ce403110664 -> 
  custom:video-decoder-webm-vp8: 9c59270c3fd7afecdb556c50c9e8de78 -> 
  custom:audio-decoder-ogg-vorbis: bf7c407c2cedff20999df2af8eb42d56 -> 
  custom:audio-encoder-webm-vorbis: bf7c407c2cedff20999df2af8eb42d56 -> 
========================================================================
Received Prepare
Registering precompiled user dll's ...
Registered in 0.001559 seconds.
Begin MonoManager ReloadAssembly
Native extension for WindowsStandalone target not found
Native extension for WebGL target not found
Refreshing native plugins compatible for Editor in 0.35 ms, found 2 plugins.
Preloading 0 native plugins for Editor in 0.00 ms.
Mono: successfully reloaded assembly
- Completed reload, in  0.749 seconds
Domain Reload Profiling:
	ReloadAssembly (749ms)
		BeginReloadAssembly (97ms)
			ExecutionOrderSort (0ms)
			DisableScriptedObjects (5ms)
			BackupInstance (0ms)
			ReleaseScriptingObjects (0ms)
			CreateAndSetChildDomain (25ms)
		EndReloadAssembly (602ms)
			LoadAssemblies (76ms)
			RebuildTransferFunctionScriptingTraits (0ms)
			SetupTypeCache (208ms)
			ReleaseScriptCaches (1ms)
			RebuildScriptCaches (30ms)
			SetupLoadedEditorAssemblies (204ms)
				LogAssemblyErrors (0ms)
				InitializePlatformSupportModulesInManaged (5ms)
				SetLoadedEditorAssemblies (0ms)
				RefreshPlugins (0ms)
				BeforeProcessingInitializeOnLoad (36ms)
				ProcessInitializeOnLoadAttributes (152ms)
				ProcessInitializeOnLoadMethodAttributes (5ms)
				AfterProcessingInitializeOnLoad (5ms)
				EditorAssembliesLoaded (0ms)
			ExecutionOrderSort2 (0ms)
			AwakeInstancesAfterBackupRestoration (5ms)
Platform modules already initialized, skipping
Refreshing native plugins compatible for Editor in 0.39 ms, found 2 plugins.
Preloading 0 native plugins for Editor in 0.00 ms.
Unloading 1491 Unused Serialized files (Serialized files now loaded: 0)
System memory in use before: 70.8 MB.
System memory in use after: 70.9 MB.

Unloading 11 unused Assets to reduce memory usage. Loaded Objects now: 1956.
Total: 2.688600 ms (FindLiveObjects: 0.161100 ms CreateObjectMapping: 0.046600 ms MarkObjects: 2.464000 ms  DeleteObjects: 0.016200 ms)

AssetImportParameters requested are different than current active one (requested -> active):
  custom:framework-win-MediaFoundation: 216162199b28c13a410421893ffa2e32 -> 
  custom:video-decoder-ogg-theora: a1e56fd34408186e4bbccfd4996cb3dc -> 
  custom:container-muxer-webm: aa71ff27fc2769a1b78a27578f13a17b -> 
  custom:container-demuxer-webm: 4f35f7cbe854078d1ac9338744f61a02 -> 
  custom:container-demuxer-ogg: 62fdf1f143b41e24485cea50d1cbac27 -> 
  custom:video-encoder-webm-vp8: eb34c28f22e8b96e1ab97ce403110664 -> 
  custom:video-decoder-webm-vp8: 9c59270c3fd7afecdb556c50c9e8de78 -> 
  custom:audio-decoder-ogg-vorbis: bf7c407c2cedff20999df2af8eb42d56 -> 
  custom:audio-encoder-webm-vorbis: bf7c407c2cedff20999df2af8eb42d56 -> 
========================================================================
Received Import Request.
  Time since last request: 109.551457 seconds.
  path: Assets/Material
  artifactKey: Guid(bdc032ca799f2bf44b98f9a4e72d4e37) Importer(815301076,1909f56bfc062723c751e8b465ee728b)
Start importing Assets/Material using Guid(bdc032ca799f2bf44b98f9a4e72d4e37) Importer(815301076,1909f56bfc062723c751e8b465ee728b)  -> (artifact id: '1a0f700e0c1043752b02e18050c32955') in 0.039337 seconds 
  Import took 0.041404 seconds .

========================================================================
Received Import Request.
  Time since last request: 2.440645 seconds.
  path: Assets/TextMesh Pro
  artifactKey: Guid(f54d1bd14bd3ca042bd867b519fee8cc) Importer(815301076,1909f56bfc062723c751e8b465ee728b)
Start importing Assets/TextMesh Pro using Guid(f54d1bd14bd3ca042bd867b519fee8cc) Importer(815301076,1909f56bfc062723c751e8b465ee728b)  -> (artifact id: '16b4cbde9565bf190136f1148817e1ea') in 0.025506 seconds 
  Import took 0.027530 seconds .

========================================================================
Received Import Request.
  Time since last request: 4.917932 seconds.
  path: Assets/Prefabs
  artifactKey: Guid(bafd15e7872ca83428189792d1c64100) Importer(815301076,1909f56bfc062723c751e8b465ee728b)
Start importing Assets/Prefabs using Guid(bafd15e7872ca83428189792d1c64100) Importer(815301076,1909f56bfc062723c751e8b465ee728b)  -> (artifact id: 'f99d1ee02de727022e210a01b1182802') in 0.031212 seconds 
  Import took 0.033319 seconds .

========================================================================
Received Import Request.
  Time since last request: 3.280201 seconds.
  path: Assets/Prefabs/UI Prefabs
  artifactKey: Guid(a04cbc6740984774fa94672b8a389e95) Importer(815301076,1909f56bfc062723c751e8b465ee728b)
Start importing Assets/Prefabs/UI Prefabs using Guid(a04cbc6740984774fa94672b8a389e95) Importer(815301076,1909f56bfc062723c751e8b465ee728b)  -> (artifact id: '26f5e79eb0dc15e9135afabc5912aa3c') in 0.025829 seconds 
  Import took 0.027806 seconds .

========================================================================
Received Import Request.
  Time since last request: 0.652111 seconds.
  path: Assets/Prefabs/Prefab Icons
  artifactKey: Guid(c77fe30fd7aa6bd46b6018a5dc588136) Importer(815301076,1909f56bfc062723c751e8b465ee728b)
Start importing Assets/Prefabs/Prefab Icons using Guid(c77fe30fd7aa6bd46b6018a5dc588136) Importer(815301076,1909f56bfc062723c751e8b465ee728b)  -> (artifact id: '0b09e899ada59a66fe10a7f7a156357b') in 0.026304 seconds 
  Import took 0.028302 seconds .

========================================================================
Received Import Request.
  Time since last request: 0.597726 seconds.
  path: Assets/Prefabs/Prefab Icons/cheapMonitorIcon.png
  artifactKey: Guid(45ebf78ec262a8a4cb7eaf92689ad1f7) Importer(815301076,1909f56bfc062723c751e8b465ee728b)
Start importing Assets/Prefabs/Prefab Icons/cheapMonitorIcon.png using Guid(45ebf78ec262a8a4cb7eaf92689ad1f7) Importer(815301076,1909f56bfc062723c751e8b465ee728b)  -> (artifact id: '854e5ed6811b45d0e58cbaf6f572f05c') in 0.185651 seconds 
  Import took 0.187833 seconds .

========================================================================
Received Import Request.
  Time since last request: 0.000202 seconds.
  path: Assets/Prefabs/Prefab Icons/pcIcon.png
  artifactKey: Guid(b075f3735a47b6041b72f3aed5f74be9) Importer(815301076,1909f56bfc062723c751e8b465ee728b)
Start importing Assets/Prefabs/Prefab Icons/pcIcon.png using Guid(b075f3735a47b6041b72f3aed5f74be9) Importer(815301076,1909f56bfc062723c751e8b465ee728b)  -> (artifact id: '1511527e8f0e23397c682d0495720676') in 0.098975 seconds 
  Import took 0.100944 seconds .

========================================================================
Received Import Request.
  Time since last request: 0.000222 seconds.
  path: Assets/Prefabs/Prefab Icons/laptopIcon.png
  artifactKey: Guid(13fa093f9ab179e44b02ff118521a84e) Importer(815301076,1909f56bfc062723c751e8b465ee728b)
Start importing Assets/Prefabs/Prefab Icons/laptopIcon.png using Guid(13fa093f9ab179e44b02ff118521a84e) Importer(815301076,1909f56bfc062723c751e8b465ee728b)  -> (artifact id: '3993a93f6afa3f51f432b6330144d6fc') in 0.098054 seconds 
  Import took 0.100241 seconds .

========================================================================
Received Import Request.
  Time since last request: 0.000212 seconds.
  path: Assets/Prefabs/Prefab Icons/ExpMonitorIcon.png
  artifactKey: Guid(0e34e0fbfcefca543be2371719e1c611) Importer(815301076,1909f56bfc062723c751e8b465ee728b)
Start importing Assets/Prefabs/Prefab Icons/ExpMonitorIcon.png using Guid(0e34e0fbfcefca543be2371719e1c611) Importer(815301076,1909f56bfc062723c751e8b465ee728b)  -> (artifact id: 'b63ea0fddfe259e64880884760c32df0') in 0.096306 seconds 
  Import took 0.098370 seconds .

========================================================================
Received Import Request.
  Time since last request: 0.000195 seconds.
  path: Assets/Prefabs/Prefab Icons/WLessKeyboardIcon.png
  artifactKey: Guid(2fb073bbcb26c2f498d26572ae159190) Importer(815301076,1909f56bfc062723c751e8b465ee728b)
Start importing Assets/Prefabs/Prefab Icons/WLessKeyboardIcon.png using Guid(2fb073bbcb26c2f498d26572ae159190) Importer(815301076,1909f56bfc062723c751e8b465ee728b)  -> (artifact id: 'a837b5e2093c98c5c78c29c1b598400a') in 0.092089 seconds 
  Import took 0.094450 seconds .

========================================================================
Received Import Request.
  Time since last request: 0.000235 seconds.
  path: Assets/Prefabs/Prefab Icons/WLessMouseIcon.png
  artifactKey: Guid(1d96d5353b27e4444ac1b48769143664) Importer(815301076,1909f56bfc062723c751e8b465ee728b)
Start importing Assets/Prefabs/Prefab Icons/WLessMouseIcon.png using Guid(1d96d5353b27e4444ac1b48769143664) Importer(815301076,1909f56bfc062723c751e8b465ee728b)  -> (artifact id: '701fc09e66c8930f2dc0399c38967579') in 0.098295 seconds 
  Import took 0.100616 seconds .

========================================================================
Received Import Request.
  Time since last request: 0.000235 seconds.
  path: Assets/Prefabs/Prefab Icons/expPCIcon.png
  artifactKey: Guid(630f71cbbad554e439ff663771d38623) Importer(815301076,1909f56bfc062723c751e8b465ee728b)
Start importing Assets/Prefabs/Prefab Icons/expPCIcon.png using Guid(630f71cbbad554e439ff663771d38623) Importer(815301076,1909f56bfc062723c751e8b465ee728b)  -> (artifact id: '9e7f52ca737720ff2b261f036abf0928') in 0.133243 seconds 
  Import took 0.135611 seconds .

========================================================================
Received Import Request.
  Time since last request: 0.000192 seconds.
  path: Assets/Prefabs/Prefab Icons/keyboardIcon.png
  artifactKey: Guid(fbcb0f25c97f1374a91970cb6bedffd4) Importer(815301076,1909f56bfc062723c751e8b465ee728b)
Start importing Assets/Prefabs/Prefab Icons/keyboardIcon.png using Guid(fbcb0f25c97f1374a91970cb6bedffd4) Importer(815301076,1909f56bfc062723c751e8b465ee728b)  -> (artifact id: 'aa8361206045da819d0f07afdf29dd2c') in 0.163511 seconds 
  Import took 0.165580 seconds .

========================================================================
Received Import Request.
  Time since last request: 0.000201 seconds.
  path: Assets/Prefabs/Prefab Icons/MouseIcon.png
  artifactKey: Guid(b388aeb6bc27ca649a8078d75a39bb1b) Importer(815301076,1909f56bfc062723c751e8b465ee728b)
Start importing Assets/Prefabs/Prefab Icons/MouseIcon.png using Guid(b388aeb6bc27ca649a8078d75a39bb1b) Importer(815301076,1909f56bfc062723c751e8b465ee728b)  -> (artifact id: 'b36d7ad6061697dfb0b54961d15933f9') in 0.221126 seconds 
  Import took 0.223142 seconds .

========================================================================
Received Import Request.
  Time since last request: 1.042652 seconds.
  path: Assets/Prefabs/Items
  artifactKey: Guid(0e078100524e0a9428064cc0a44e563c) Importer(815301076,1909f56bfc062723c751e8b465ee728b)
Start importing Assets/Prefabs/Items using Guid(0e078100524e0a9428064cc0a44e563c) Importer(815301076,1909f56bfc062723c751e8b465ee728b)  -> (artifact id: 'c8a539f290b025b8cd098dbeb5f82ffb') in 0.143906 seconds 
  Import took 0.146239 seconds .

========================================================================
Received Import Request.
  Time since last request: 0.000249 seconds.
  path: Assets/Prefabs/Items/ExpComputer.asset
  artifactKey: Guid(8cbab524a17f61f4e9a856202c23e17c) Importer(815301076,1909f56bfc062723c751e8b465ee728b)
Start importing Assets/Prefabs/Items/ExpComputer.asset using Guid(8cbab524a17f61f4e9a856202c23e17c) Importer(815301076,1909f56bfc062723c751e8b465ee728b)  -> (artifact id: '509104ecb070870d91d2c0512969ffd8') in 0.027954 seconds 
  Import took 0.030085 seconds .

========================================================================
Received Import Request.
  Time since last request: 0.000173 seconds.
  path: Assets/Prefabs/Items/Keyboard.asset
  artifactKey: Guid(f487ee5f0aa3ad6469ee45a41467850a) Importer(815301076,1909f56bfc062723c751e8b465ee728b)
Start importing Assets/Prefabs/Items/Keyboard.asset using Guid(f487ee5f0aa3ad6469ee45a41467850a) Importer(815301076,1909f56bfc062723c751e8b465ee728b)  -> (artifact id: '5a35f7827e6305993b18a369753b7717') in 0.111098 seconds 
  Import took 0.113437 seconds .

========================================================================
Received Import Request.
  Time since last request: 0.000207 seconds.
  path: Assets/Prefabs/Items/Mouse.asset
  artifactKey: Guid(0b2da9ed07203b047b31af84fe5437f1) Importer(815301076,1909f56bfc062723c751e8b465ee728b)
Start importing Assets/Prefabs/Items/Mouse.asset using Guid(0b2da9ed07203b047b31af84fe5437f1) Importer(815301076,1909f56bfc062723c751e8b465ee728b)  -> (artifact id: '7f297671ff552c5f6a6e8f1f794988be') in 0.100376 seconds 
  Import took 0.102453 seconds .

========================================================================
Received Import Request.
  Time since last request: 0.000184 seconds.
  path: Assets/Prefabs/Items/WLessKeyboard.asset
  artifactKey: Guid(8e05d80e314df9346a363e0a84bce8f5) Importer(815301076,1909f56bfc062723c751e8b465ee728b)
Start importing Assets/Prefabs/Items/WLessKeyboard.asset using Guid(8e05d80e314df9346a363e0a84bce8f5) Importer(815301076,1909f56bfc062723c751e8b465ee728b)  -> (artifact id: '02619c116a72cb037c6d67187f6ef129') in 0.028674 seconds 
  Import took 0.030598 seconds .

========================================================================
Received Import Request.
  Time since last request: 0.000197 seconds.
  path: Assets/Prefabs/Items/Monitor.asset
  artifactKey: Guid(f63e9aa945f9ff54f9f0835452b3b93a) Importer(815301076,1909f56bfc062723c751e8b465ee728b)
Start importing Assets/Prefabs/Items/Monitor.asset using Guid(f63e9aa945f9ff54f9f0835452b3b93a) Importer(815301076,1909f56bfc062723c751e8b465ee728b)  -> (artifact id: 'cc49fb35002601ea0f45f44d1dd7a689') in 0.105611 seconds 
  Import took 0.107816 seconds .

========================================================================
Received Import Request.
  Time since last request: 0.000162 seconds.
  path: Assets/Prefabs/Items/WLessMouse.asset
  artifactKey: Guid(c7d53714b8b4d554fbfeba8a6d9acc03) Importer(815301076,1909f56bfc062723c751e8b465ee728b)
Start importing Assets/Prefabs/Items/WLessMouse.asset using Guid(c7d53714b8b4d554fbfeba8a6d9acc03) Importer(815301076,1909f56bfc062723c751e8b465ee728b)  -> (artifact id: 'ad9c51cd83f128c43321fff9762f20ec') in 0.026083 seconds 
  Import took 0.028172 seconds .

========================================================================
Received Import Request.
  Time since last request: 0.000197 seconds.
  path: Assets/Prefabs/Items/ExpMonitor.asset
  artifactKey: Guid(9ad4c37e619aebc499a73c345a222f11) Importer(815301076,1909f56bfc062723c751e8b465ee728b)
Start importing Assets/Prefabs/Items/ExpMonitor.asset using Guid(9ad4c37e619aebc499a73c345a222f11) Importer(815301076,1909f56bfc062723c751e8b465ee728b)  -> (artifact id: 'a528adbb6270d24be09cb9771110eef4') in 0.032329 seconds 
  Import took 0.034274 seconds .

========================================================================
Received Import Request.
  Time since last request: 0.000216 seconds.
  path: Assets/Prefabs/Items/Computer.asset
  artifactKey: Guid(f512d5d7904b9694da4cf9195e0bad75) Importer(815301076,1909f56bfc062723c751e8b465ee728b)
Start importing Assets/Prefabs/Items/Computer.asset using Guid(f512d5d7904b9694da4cf9195e0bad75) Importer(815301076,1909f56bfc062723c751e8b465ee728b)  -> (artifact id: 'c2f67d66e39f31620a00ba6971b1f5eb') in 0.103977 seconds 
  Import took 0.106217 seconds .

========================================================================
Received Import Request.
  Time since last request: 1.154119 seconds.
  path: Assets/Prefabs/Lights
  artifactKey: Guid(76568c5460d9c1149b628934c0ae0daf) Importer(815301076,1909f56bfc062723c751e8b465ee728b)
Start importing Assets/Prefabs/Lights using Guid(76568c5460d9c1149b628934c0ae0daf) Importer(815301076,1909f56bfc062723c751e8b465ee728b)  -> (artifact id: 'fae0f56ea861fe77748ec6022ee479df') in 0.028247 seconds 
  Import took 0.030432 seconds .

========================================================================
Received Import Request.
  Time since last request: 0.034817 seconds.
  path: Assets/Prefabs/Lights/Plane.prefab
  artifactKey: Guid(66098d9f2edf0a5478cd26dd6406907a) Importer(815301076,1909f56bfc062723c751e8b465ee728b)
Start importing Assets/Prefabs/Lights/Plane.prefab using Guid(66098d9f2edf0a5478cd26dd6406907a) Importer(815301076,1909f56bfc062723c751e8b465ee728b)  -> (artifact id: '92bca2c8ec6b547e4181df04742011e8') in 0.224769 seconds 
  Import took 0.226968 seconds .

========================================================================
Received Import Request.
  Time since last request: 2.123771 seconds.
  path: Assets/Prefabs/Product Prefabs
  artifactKey: Guid(ef0002f429dc2e74e9a1c3b71f7fc303) Importer(815301076,1909f56bfc062723c751e8b465ee728b)
Start importing Assets/Prefabs/Product Prefabs using Guid(ef0002f429dc2e74e9a1c3b71f7fc303) Importer(815301076,1909f56bfc062723c751e8b465ee728b)  -> (artifact id: '2bda423447e662002381660a2860c21b') in 0.025908 seconds 
  Import took 0.028071 seconds .

========================================================================
Received Import Request.
  Time since last request: 0.032100 seconds.
  path: Assets/Prefabs/Product Prefabs/all_in_one_pc.prefab
  artifactKey: Guid(ec26eb888acf3004b9bfe4fb106d5d97) Importer(815301076,1909f56bfc062723c751e8b465ee728b)
Start importing Assets/Prefabs/Product Prefabs/all_in_one_pc.prefab using Guid(ec26eb888acf3004b9bfe4fb106d5d97) Importer(815301076,1909f56bfc062723c751e8b465ee728b)  -> (artifact id: '36dddc25ced50828dc6cee40940ae59e') in 0.228487 seconds 
  Import took 0.230961 seconds .

========================================================================
Received Import Request.
  Time since last request: 0.000232 seconds.
  path: Assets/Prefabs/Product Prefabs/wired_mouse.prefab
  artifactKey: Guid(a02913c4d11741940b59dc8bf75207bf) Importer(815301076,1909f56bfc062723c751e8b465ee728b)
Start importing Assets/Prefabs/Product Prefabs/wired_mouse.prefab using Guid(a02913c4d11741940b59dc8bf75207bf) Importer(815301076,1909f56bfc062723c751e8b465ee728b)  -> (artifact id: '6c268e4bc335a2fe3f4d2b0583c0363e') in 0.067437 seconds 
  Import took 0.069722 seconds .

========================================================================
Received Import Request.
  Time since last request: 0.000231 seconds.
  path: Assets/Prefabs/Product Prefabs/cheap_smartwatch.prefab
  artifactKey: Guid(63cb476830b85944faccada458941cb3) Importer(815301076,1909f56bfc062723c751e8b465ee728b)
Start importing Assets/Prefabs/Product Prefabs/cheap_smartwatch.prefab using Guid(63cb476830b85944faccada458941cb3) Importer(815301076,1909f56bfc062723c751e8b465ee728b)  -> (artifact id: '6a074ebd9c85c206ee29ef2e30977af1') in 0.060447 seconds 
  Import took 0.062557 seconds .

========================================================================
Received Import Request.
  Time since last request: 0.000224 seconds.
  path: Assets/Prefabs/Product Prefabs/wireless_earphones Variant.prefab
  artifactKey: Guid(916e7f6c00f253d458e3dd3f8e682c98) Importer(815301076,1909f56bfc062723c751e8b465ee728b)
Start importing Assets/Prefabs/Product Prefabs/wireless_earphones Variant.prefab using Guid(916e7f6c00f253d458e3dd3f8e682c98) Importer(815301076,1909f56bfc062723c751e8b465ee728b)  -> (artifact id: 'b286e6e2abc002ed857eaee172ac8b29') in 0.079279 seconds 
  Import took 0.081715 seconds .

========================================================================
Received Import Request.
  Time since last request: 0.000220 seconds.
  path: Assets/Prefabs/Product Prefabs/expensive_phone.prefab
  artifactKey: Guid(595743e6530dedb4e8f503b28517d7f9) Importer(815301076,1909f56bfc062723c751e8b465ee728b)
Start importing Assets/Prefabs/Product Prefabs/expensive_phone.prefab using Guid(595743e6530dedb4e8f503b28517d7f9) Importer(815301076,1909f56bfc062723c751e8b465ee728b)  -> (artifact id: '5621450e2e385d6f0a0725e9bbf74739') in 0.067014 seconds 
  Import took 0.069187 seconds .

========================================================================
Received Import Request.
  Time since last request: 0.000215 seconds.
  path: Assets/Prefabs/Product Prefabs/mouse.prefab
  artifactKey: Guid(25d68f3a627077c4b88f2a2fa454c10b) Importer(815301076,1909f56bfc062723c751e8b465ee728b)
Start importing Assets/Prefabs/Product Prefabs/mouse.prefab using Guid(25d68f3a627077c4b88f2a2fa454c10b) Importer(815301076,1909f56bfc062723c751e8b465ee728b)  -> (artifact id: 'fc87ef826489af5c1a8797504b73c78e') in 0.063062 seconds 
  Import took 0.065270 seconds .

========================================================================
Received Import Request.
  Time since last request: 0.000228 seconds.
  path: Assets/Prefabs/Product Prefabs/pc.prefab
  artifactKey: Guid(f56da11d369cc1a4981c76db1961fd16) Importer(815301076,1909f56bfc062723c751e8b465ee728b)
Start importing Assets/Prefabs/Product Prefabs/pc.prefab using Guid(f56da11d369cc1a4981c76db1961fd16) Importer(815301076,1909f56bfc062723c751e8b465ee728b)  -> (artifact id: '5cc059a86fa92dc773e5d3b4417dcae5') in 0.064088 seconds 
  Import took 0.066352 seconds .

========================================================================
Received Import Request.
  Time since last request: 0.000189 seconds.
  path: Assets/Prefabs/Product Prefabs/wireless_keyboard.prefab
  artifactKey: Guid(6232790b3812e814b941112d95a95326) Importer(815301076,1909f56bfc062723c751e8b465ee728b)
Start importing Assets/Prefabs/Product Prefabs/wireless_keyboard.prefab using Guid(6232790b3812e814b941112d95a95326) Importer(815301076,1909f56bfc062723c751e8b465ee728b)  -> (artifact id: '1ea1ddd4093ec5b47e10dc1aa1016df8') in 0.061524 seconds 
  Import took 0.063551 seconds .

========================================================================
Received Import Request.
  Time since last request: 0.000180 seconds.
  path: Assets/Prefabs/Product Prefabs/usb_stick_two.prefab
  artifactKey: Guid(f370763f22c0f8745a557d44f6b75e1d) Importer(815301076,1909f56bfc062723c751e8b465ee728b)
Start importing Assets/Prefabs/Product Prefabs/usb_stick_two.prefab using Guid(f370763f22c0f8745a557d44f6b75e1d) Importer(815301076,1909f56bfc062723c751e8b465ee728b)  -> (artifact id: 'e6c9b1257f9845629c865b80fb23657d') in 0.056610 seconds 
  Import took 0.058904 seconds .

========================================================================
Received Import Request.
  Time since last request: 0.000185 seconds.
  path: Assets/Prefabs/Product Prefabs/controller Variant.prefab
  artifactKey: Guid(b9dd81ec79e740441814360ed8cfc454) Importer(815301076,1909f56bfc062723c751e8b465ee728b)
Start importing Assets/Prefabs/Product Prefabs/controller Variant.prefab using Guid(b9dd81ec79e740441814360ed8cfc454) Importer(815301076,1909f56bfc062723c751e8b465ee728b)  -> (artifact id: '1c05d42bd3b1b94a507d340771737c56') in 0.069190 seconds 
  Import took 0.071258 seconds .

========================================================================
Received Import Request.
  Time since last request: 0.000217 seconds.
  path: Assets/Prefabs/Product Prefabs/pc Variant.prefab
  artifactKey: Guid(ccf7ef4366e37884cb23fe3ade572169) Importer(815301076,1909f56bfc062723c751e8b465ee728b)
Start importing Assets/Prefabs/Product Prefabs/pc Variant.prefab using Guid(ccf7ef4366e37884cb23fe3ade572169) Importer(815301076,1909f56bfc062723c751e8b465ee728b)  -> (artifact id: '13aeeae8c2ab838028302b2e94340c38') in 0.074394 seconds 
  Import took 0.076509 seconds .

========================================================================
Received Import Request.
  Time since last request: 0.000149 seconds.
  path: Assets/Prefabs/Product Prefabs/wireless_keyboard Variant.prefab
  artifactKey: Guid(7bebe187b9c07df4c8971a7ee020d277) Importer(815301076,1909f56bfc062723c751e8b465ee728b)
Start importing Assets/Prefabs/Product Prefabs/wireless_keyboard Variant.prefab using Guid(7bebe187b9c07df4c8971a7ee020d277) Importer(815301076,1909f56bfc062723c751e8b465ee728b)  -> (artifact id: '7d60e96ee85747551c55fa671a74fcd4') in 0.068020 seconds 
  Import took 0.070166 seconds .

========================================================================
Received Import Request.
  Time since last request: 0.000172 seconds.
  path: Assets/Prefabs/Product Prefabs/cheap_pc.prefab
  artifactKey: Guid(4bd8215290d88b7448ee2fb89e9ee045) Importer(815301076,1909f56bfc062723c751e8b465ee728b)
Start importing Assets/Prefabs/Product Prefabs/cheap_pc.prefab using Guid(4bd8215290d88b7448ee2fb89e9ee045) Importer(815301076,1909f56bfc062723c751e8b465ee728b)  -> (artifact id: '01a705bf91491ce42b34adcfede797a5') in 0.063621 seconds 
  Import took 0.065781 seconds .

========================================================================
Received Import Request.
  Time since last request: 0.000171 seconds.
  path: Assets/Prefabs/Product Prefabs/expensive_laptop Variant.prefab
  artifactKey: Guid(42dac6a6311aef0449364714af6b6d66) Importer(815301076,1909f56bfc062723c751e8b465ee728b)
Start importing Assets/Prefabs/Product Prefabs/expensive_laptop Variant.prefab using Guid(42dac6a6311aef0449364714af6b6d66) Importer(815301076,1909f56bfc062723c751e8b465ee728b)  -> (artifact id: 'b165f1ad986c184cfc0f0468ae4ddd83') in 0.056846 seconds 
  Import took 0.058947 seconds .

========================================================================
Received Import Request.
  Time since last request: 0.000231 seconds.
  path: Assets/Prefabs/Product Prefabs/cheap_pc_screen Variant.prefab
  artifactKey: Guid(a2fd33094941157468bffd556aea3aa6) Importer(815301076,1909f56bfc062723c751e8b465ee728b)
Start importing Assets/Prefabs/Product Prefabs/cheap_pc_screen Variant.prefab using Guid(a2fd33094941157468bffd556aea3aa6) Importer(815301076,1909f56bfc062723c751e8b465ee728b)  -> (artifact id: 'e9e1813cdc9bebb11c57c87f4947c2a1') in 0.064675 seconds 
  Import took 0.066931 seconds .

========================================================================
Received Import Request.
  Time since last request: 0.000215 seconds.
  path: Assets/Prefabs/Product Prefabs/small_smartwatch.prefab
  artifactKey: Guid(2d74d1885571c344e910ac769cfd11e7) Importer(815301076,1909f56bfc062723c751e8b465ee728b)
Start importing Assets/Prefabs/Product Prefabs/small_smartwatch.prefab using Guid(2d74d1885571c344e910ac769cfd11e7) Importer(815301076,1909f56bfc062723c751e8b465ee728b)  -> (artifact id: 'd13e046014f2c1b76aa1b1cbce857999') in 0.069304 seconds 
  Import took 0.071358 seconds .

========================================================================
Received Import Request.
  Time since last request: 0.000213 seconds.
  path: Assets/Prefabs/Product Prefabs/cheap_pc_screen.prefab
  artifactKey: Guid(3f5b60aab6c613f41b8c4651b2129276) Importer(815301076,1909f56bfc062723c751e8b465ee728b)
Start importing Assets/Prefabs/Product Prefabs/cheap_pc_screen.prefab using Guid(3f5b60aab6c613f41b8c4651b2129276) Importer(815301076,1909f56bfc062723c751e8b465ee728b)  -> (artifact id: '1057bca6f36206119edd9c71730f3d47') in 0.059244 seconds 
  Import took 0.061467 seconds .

========================================================================
Received Import Request.
  Time since last request: 0.000228 seconds.
  path: Assets/Prefabs/Product Prefabs/TV.prefab
  artifactKey: Guid(bc527a6ee0b2c6047b0fe6bc64327cff) Importer(815301076,1909f56bfc062723c751e8b465ee728b)
Start importing Assets/Prefabs/Product Prefabs/TV.prefab using Guid(bc527a6ee0b2c6047b0fe6bc64327cff) Importer(815301076,1909f56bfc062723c751e8b465ee728b)  -> (artifact id: '329bed11d8636c2b3dc6ce7ce73aad07') in 0.061949 seconds 
  Import took 0.064026 seconds .

========================================================================
Received Import Request.
  Time since last request: 0.000230 seconds.
  path: Assets/Prefabs/Product Prefabs/wired_mouse Variant.prefab
  artifactKey: Guid(3536b5150d2b8d243bc52c9367efe410) Importer(815301076,1909f56bfc062723c751e8b465ee728b)
Start importing Assets/Prefabs/Product Prefabs/wired_mouse Variant.prefab using Guid(3536b5150d2b8d243bc52c9367efe410) Importer(815301076,1909f56bfc062723c751e8b465ee728b)  -> (artifact id: '17f6a58f1dcee203f568b0356a697100') in 0.068327 seconds 
  Import took 0.070401 seconds .

========================================================================
Received Import Request.
  Time since last request: 0.000227 seconds.
  path: Assets/Prefabs/Product Prefabs/expensive_pc_screen Variant.prefab
  artifactKey: Guid(9cab78e177559634199d4ea7869d611a) Importer(815301076,1909f56bfc062723c751e8b465ee728b)
Start importing Assets/Prefabs/Product Prefabs/expensive_pc_screen Variant.prefab using Guid(9cab78e177559634199d4ea7869d611a) Importer(815301076,1909f56bfc062723c751e8b465ee728b)  -> (artifact id: 'fd8177e073b8484d83a68cf0e09fcb25') in 0.064277 seconds 
  Import took 0.066379 seconds .

========================================================================
Received Import Request.
  Time since last request: 0.000217 seconds.
  path: Assets/Prefabs/Product Prefabs/ipad.prefab
  artifactKey: Guid(16dd3550564e3194f808da99a50b9ce5) Importer(815301076,1909f56bfc062723c751e8b465ee728b)
Start importing Assets/Prefabs/Product Prefabs/ipad.prefab using Guid(16dd3550564e3194f808da99a50b9ce5) Importer(815301076,1909f56bfc062723c751e8b465ee728b)  -> (artifact id: '27629177f58dfe2e742614f7a171230c') in 0.057250 seconds 
  Import took 0.059336 seconds .

========================================================================
Received Import Request.
  Time since last request: 0.000219 seconds.
  path: Assets/Prefabs/Product Prefabs/wireless_earphones.prefab
  artifactKey: Guid(3796fd9a25639bc4c98a5bde41fc2fa8) Importer(815301076,1909f56bfc062723c751e8b465ee728b)
Start importing Assets/Prefabs/Product Prefabs/wireless_earphones.prefab using Guid(3796fd9a25639bc4c98a5bde41fc2fa8) Importer(815301076,1909f56bfc062723c751e8b465ee728b)  -> (artifact id: '19c58ed7c5dfcfd836281b5b734076fa') in 0.066516 seconds 
  Import took 0.068575 seconds .

========================================================================
Received Import Request.
  Time since last request: 0.000270 seconds.
  path: Assets/Prefabs/Product Prefabs/cheap_laptop.prefab
  artifactKey: Guid(a4d06dccbade87c4aab925956b778722) Importer(815301076,1909f56bfc062723c751e8b465ee728b)
Start importing Assets/Prefabs/Product Prefabs/cheap_laptop.prefab using Guid(a4d06dccbade87c4aab925956b778722) Importer(815301076,1909f56bfc062723c751e8b465ee728b)  -> (artifact id: 'f9e813035bff08863c273dd50a6fb647') in 0.077335 seconds 
  Import took 0.079418 seconds .

========================================================================
Received Import Request.
  Time since last request: 0.000212 seconds.
  path: Assets/Prefabs/Product Prefabs/expensive_smartwatch.prefab
  artifactKey: Guid(29737159648b1824990cc61faced0b0e) Importer(815301076,1909f56bfc062723c751e8b465ee728b)
Start importing Assets/Prefabs/Product Prefabs/expensive_smartwatch.prefab using Guid(29737159648b1824990cc61faced0b0e) Importer(815301076,1909f56bfc062723c751e8b465ee728b)  -> (artifact id: '03fe035f6949232ef80267d33296c211') in 0.055301 seconds 
  Import took 0.057366 seconds .

========================================================================
Received Import Request.
  Time since last request: 0.000179 seconds.
  path: Assets/Prefabs/Product Prefabs/expensive_console Variant.prefab
  artifactKey: Guid(b6fd4da7bf747874f8e5e76712068423) Importer(815301076,1909f56bfc062723c751e8b465ee728b)
Start importing Assets/Prefabs/Product Prefabs/expensive_console Variant.prefab using Guid(b6fd4da7bf747874f8e5e76712068423) Importer(815301076,1909f56bfc062723c751e8b465ee728b)  -> (artifact id: '31dad4e12192b07af0bbcfd7e01ce594') in 0.068413 seconds 
  Import took 0.070498 seconds .

========================================================================
Received Import Request.
  Time since last request: 0.000218 seconds.
  path: Assets/Prefabs/Product Prefabs/console.prefab
  artifactKey: Guid(8156b77b84676f244a96dc64c81bc841) Importer(815301076,1909f56bfc062723c751e8b465ee728b)
Start importing Assets/Prefabs/Product Prefabs/console.prefab using Guid(8156b77b84676f244a96dc64c81bc841) Importer(815301076,1909f56bfc062723c751e8b465ee728b)  -> (artifact id: '0135c43640a83e90ab9ea81bc4d748cf') in 0.076521 seconds 
  Import took 0.078813 seconds .

========================================================================
Received Import Request.
  Time since last request: 0.000298 seconds.
  path: Assets/Prefabs/Product Prefabs/mouse Variant.prefab
  artifactKey: Guid(581725662f709d145a0c055fcc6915d6) Importer(815301076,1909f56bfc062723c751e8b465ee728b)
Start importing Assets/Prefabs/Product Prefabs/mouse Variant.prefab using Guid(581725662f709d145a0c055fcc6915d6) Importer(815301076,1909f56bfc062723c751e8b465ee728b)  -> (artifact id: 'bf744ac086f8a90dd845291b7a40528c') in 0.067106 seconds 
  Import took 0.069283 seconds .

========================================================================
Received Import Request.
  Time since last request: 0.000207 seconds.
  path: Assets/Prefabs/Product Prefabs/controller.prefab
  artifactKey: Guid(d88add64e8f7cda4189c5cdf00fac8c0) Importer(815301076,1909f56bfc062723c751e8b465ee728b)
Start importing Assets/Prefabs/Product Prefabs/controller.prefab using Guid(d88add64e8f7cda4189c5cdf00fac8c0) Importer(815301076,1909f56bfc062723c751e8b465ee728b)  -> (artifact id: 'f08a062960dd831b751e30ab0a808415') in 0.063829 seconds 
  Import took 0.065979 seconds .

========================================================================
Received Import Request.
  Time since last request: 0.000224 seconds.
  path: Assets/Prefabs/Product Prefabs/cheap_phone.prefab
  artifactKey: Guid(2f9ffb84f88254448a24ca224674fd56) Importer(815301076,1909f56bfc062723c751e8b465ee728b)
Start importing Assets/Prefabs/Product Prefabs/cheap_phone.prefab using Guid(2f9ffb84f88254448a24ca224674fd56) Importer(815301076,1909f56bfc062723c751e8b465ee728b)  -> (artifact id: 'c9c7cbd221e2658c90be3035ba011806') in 0.068152 seconds 
  Import took 0.070539 seconds .

========================================================================
Received Import Request.
  Time since last request: 0.000228 seconds.
  path: Assets/Prefabs/Product Prefabs/small can.prefab
  artifactKey: Guid(c0f8666471397ed47b4d71718807e02a) Importer(815301076,1909f56bfc062723c751e8b465ee728b)
Start importing Assets/Prefabs/Product Prefabs/small can.prefab using Guid(c0f8666471397ed47b4d71718807e02a) Importer(815301076,1909f56bfc062723c751e8b465ee728b)  -> (artifact id: '97f6885b272f890d964c670b9f7eb099') in 0.058168 seconds 
  Import took 0.060383 seconds .

========================================================================
Received Import Request.
  Time since last request: 0.000232 seconds.
  path: Assets/Prefabs/Product Prefabs/tablet.prefab
  artifactKey: Guid(eaba9eb7a0cff9343aaa492170a81838) Importer(815301076,1909f56bfc062723c751e8b465ee728b)
Start importing Assets/Prefabs/Product Prefabs/tablet.prefab using Guid(eaba9eb7a0cff9343aaa492170a81838) Importer(815301076,1909f56bfc062723c751e8b465ee728b)  -> (artifact id: '75b4d47ab4dca7495a2aeb9e2f8678e8') in 0.062211 seconds 
  Import took 0.064400 seconds .

========================================================================
Received Import Request.
  Time since last request: 0.000196 seconds.
  path: Assets/Prefabs/Product Prefabs/mini_speaker.prefab
  artifactKey: Guid(2b52250ac30626e488cebeb09b697db4) Importer(815301076,1909f56bfc062723c751e8b465ee728b)
Start importing Assets/Prefabs/Product Prefabs/mini_speaker.prefab using Guid(2b52250ac30626e488cebeb09b697db4) Importer(815301076,1909f56bfc062723c751e8b465ee728b)  -> (artifact id: '1e4038aa077e874a799ed7f52f7085cb') in 0.078566 seconds 
  Import took 0.080780 seconds .

========================================================================
Received Import Request.
  Time since last request: 0.000220 seconds.
  path: Assets/Prefabs/Product Prefabs/expensive_pc_screen.prefab
  artifactKey: Guid(93f609bc2bc781945ace086027b603f5) Importer(815301076,1909f56bfc062723c751e8b465ee728b)
Start importing Assets/Prefabs/Product Prefabs/expensive_pc_screen.prefab using Guid(93f609bc2bc781945ace086027b603f5) Importer(815301076,1909f56bfc062723c751e8b465ee728b)  -> (artifact id: '958da863789bf658d4cfcd74a2315dfc') in 0.052568 seconds 
  Import took 0.054748 seconds .

========================================================================
Received Import Request.
  Time since last request: 0.000188 seconds.
  path: Assets/Prefabs/Product Prefabs/double_speaker.prefab
  artifactKey: Guid(f82f6f90c47ba2e40a137047373c6cfd) Importer(815301076,1909f56bfc062723c751e8b465ee728b)
Start importing Assets/Prefabs/Product Prefabs/double_speaker.prefab using Guid(f82f6f90c47ba2e40a137047373c6cfd) Importer(815301076,1909f56bfc062723c751e8b465ee728b)  -> (artifact id: '5f190953e45bea10091fe04f7f391fe9') in 0.062484 seconds 
  Import took 0.064710 seconds .

========================================================================
Received Import Request.
  Time since last request: 0.000233 seconds.
  path: Assets/Prefabs/Product Prefabs/expensive_laptop.prefab
  artifactKey: Guid(8f1c15f3e4f20044f905df0e489597b9) Importer(815301076,1909f56bfc062723c751e8b465ee728b)
Start importing Assets/Prefabs/Product Prefabs/expensive_laptop.prefab using Guid(8f1c15f3e4f20044f905df0e489597b9) Importer(815301076,1909f56bfc062723c751e8b465ee728b)  -> (artifact id: '12d183ca0ba1baff8352edf881866c21') in 0.080527 seconds 
  Import took 0.083120 seconds .

========================================================================
Received Import Request.
  Time since last request: 0.000236 seconds.
  path: Assets/Prefabs/Product Prefabs/wireless_headphones.prefab
  artifactKey: Guid(74e9311b5b8c4e04a88e40477a0f31e1) Importer(815301076,1909f56bfc062723c751e8b465ee728b)
Start importing Assets/Prefabs/Product Prefabs/wireless_headphones.prefab using Guid(74e9311b5b8c4e04a88e40477a0f31e1) Importer(815301076,1909f56bfc062723c751e8b465ee728b)  -> (artifact id: '7321bfef5695d182bc7dee2260c2d16a') in 0.079041 seconds 
  Import took 0.081114 seconds .

========================================================================
Received Import Request.
  Time since last request: 0.000208 seconds.
  path: Assets/Prefabs/Product Prefabs/usb_stick.prefab
  artifactKey: Guid(cab6fe18a575f2f49b3ea94a3ef09e4d) Importer(815301076,1909f56bfc062723c751e8b465ee728b)
Start importing Assets/Prefabs/Product Prefabs/usb_stick.prefab using Guid(cab6fe18a575f2f49b3ea94a3ef09e4d) Importer(815301076,1909f56bfc062723c751e8b465ee728b)  -> (artifact id: '0f9c0b88568bd46aee85e64bd5a6ca91') in 0.057179 seconds 
  Import took 0.059469 seconds .

========================================================================
Received Import Request.
  Time since last request: 0.000219 seconds.
  path: Assets/Prefabs/Product Prefabs/wired_earphones.prefab
  artifactKey: Guid(8d4851f0738ace743a2af0d25ed07cd8) Importer(815301076,1909f56bfc062723c751e8b465ee728b)
Start importing Assets/Prefabs/Product Prefabs/wired_earphones.prefab using Guid(8d4851f0738ace743a2af0d25ed07cd8) Importer(815301076,1909f56bfc062723c751e8b465ee728b)  -> (artifact id: '17d79c4f90bf1bb38dda62ab2d8d334b') in 0.065621 seconds 
  Import took 0.067679 seconds .

========================================================================
Received Import Request.
  Time since last request: 0.000182 seconds.
  path: Assets/Prefabs/Product Prefabs/console Variant.prefab
  artifactKey: Guid(70b67144349508449838f9ad6552b56a) Importer(815301076,1909f56bfc062723c751e8b465ee728b)
Start importing Assets/Prefabs/Product Prefabs/console Variant.prefab using Guid(70b67144349508449838f9ad6552b56a) Importer(815301076,1909f56bfc062723c751e8b465ee728b)  -> (artifact id: '1c3736da856c8ceb78377f7daea78ef0') in 0.071433 seconds 
  Import took 0.073691 seconds .

========================================================================
Received Import Request.
  Time since last request: 0.000194 seconds.
  path: Assets/Prefabs/Product Prefabs/wired_headphones Variant.prefab
  artifactKey: Guid(6c51352e30045444fa74f98de12ae2a5) Importer(815301076,1909f56bfc062723c751e8b465ee728b)
Start importing Assets/Prefabs/Product Prefabs/wired_headphones Variant.prefab using Guid(6c51352e30045444fa74f98de12ae2a5) Importer(815301076,1909f56bfc062723c751e8b465ee728b)  -> (artifact id: '871874567ba92a450b1d49ae8c9cb3ae') in 0.070400 seconds 
  Import took 0.072768 seconds .

========================================================================
Received Import Request.
  Time since last request: 0.000222 seconds.
  path: Assets/Prefabs/Product Prefabs/expensive_console.prefab
  artifactKey: Guid(ed2f72d5b8e287848a2b47c25f4e3e8b) Importer(815301076,1909f56bfc062723c751e8b465ee728b)
Start importing Assets/Prefabs/Product Prefabs/expensive_console.prefab using Guid(ed2f72d5b8e287848a2b47c25f4e3e8b) Importer(815301076,1909f56bfc062723c751e8b465ee728b)  -> (artifact id: '87913934e22ad65b166a41c0c9ff6985') in 0.063769 seconds 
  Import took 0.066030 seconds .

========================================================================
Received Import Request.
  Time since last request: 0.000208 seconds.
  path: Assets/Prefabs/Product Prefabs/cheap_laptop Variant.prefab
  artifactKey: Guid(be91e01cbab6b2d4488cad65b3f8dcce) Importer(815301076,1909f56bfc062723c751e8b465ee728b)
Start importing Assets/Prefabs/Product Prefabs/cheap_laptop Variant.prefab using Guid(be91e01cbab6b2d4488cad65b3f8dcce) Importer(815301076,1909f56bfc062723c751e8b465ee728b)  -> (artifact id: '6bf752f3a0d985455c7c5ffef4ba70b3') in 0.061148 seconds 
  Import took 0.063521 seconds .

========================================================================
Received Import Request.
  Time since last request: 0.000197 seconds.
  path: Assets/Prefabs/Product Prefabs/wired_controller.prefab
  artifactKey: Guid(fb524c4e329132f4abd2c5513f408e65) Importer(815301076,1909f56bfc062723c751e8b465ee728b)
Start importing Assets/Prefabs/Product Prefabs/wired_controller.prefab using Guid(fb524c4e329132f4abd2c5513f408e65) Importer(815301076,1909f56bfc062723c751e8b465ee728b)  -> (artifact id: 'f8a6a524a59b56aebd8b3b8a30b82264') in 0.065360 seconds 
  Import took 0.067491 seconds .

========================================================================
Received Import Request.
  Time since last request: 0.000228 seconds.
  path: Assets/Prefabs/Product Prefabs/wired_earphones Variant.prefab
  artifactKey: Guid(ceb0060994f43d8449c67cbea287a90c) Importer(815301076,1909f56bfc062723c751e8b465ee728b)
Start importing Assets/Prefabs/Product Prefabs/wired_earphones Variant.prefab using Guid(ceb0060994f43d8449c67cbea287a90c) Importer(815301076,1909f56bfc062723c751e8b465ee728b)  -> (artifact id: '479db544f954c18d0f43fbd010501ade') in 0.070785 seconds 
  Import took 0.072919 seconds .

========================================================================
Received Import Request.
  Time since last request: 0.000201 seconds.
  path: Assets/Prefabs/Product Prefabs/wireless_headphones Variant.prefab
  artifactKey: Guid(43712218b6c88f9438ee6a9743c3a234) Importer(815301076,1909f56bfc062723c751e8b465ee728b)
Start importing Assets/Prefabs/Product Prefabs/wireless_headphones Variant.prefab using Guid(43712218b6c88f9438ee6a9743c3a234) Importer(815301076,1909f56bfc062723c751e8b465ee728b)  -> (artifact id: '5514e1f7379fe3bbf8ef94f6135bc99c') in 0.075573 seconds 
  Import took 0.077707 seconds .

========================================================================
Received Import Request.
  Time since last request: 0.000253 seconds.
  path: Assets/Prefabs/Product Prefabs/candybar.prefab
  artifactKey: Guid(2e5bfc15618c2c242a1dd91c55e3ca11) Importer(815301076,1909f56bfc062723c751e8b465ee728b)
Start importing Assets/Prefabs/Product Prefabs/candybar.prefab using Guid(2e5bfc15618c2c242a1dd91c55e3ca11) Importer(815301076,1909f56bfc062723c751e8b465ee728b)  -> (artifact id: '641c88c57f75df12df1bd43c70f45ab0') in 0.068026 seconds 
  Import took 0.070130 seconds .

========================================================================
Received Import Request.
  Time since last request: 0.000223 seconds.
  path: Assets/Prefabs/Product Prefabs/wall_mounted_tv.prefab
  artifactKey: Guid(8c3e487e600f5554884cd21a5cc992e6) Importer(815301076,1909f56bfc062723c751e8b465ee728b)
Start importing Assets/Prefabs/Product Prefabs/wall_mounted_tv.prefab using Guid(8c3e487e600f5554884cd21a5cc992e6) Importer(815301076,1909f56bfc062723c751e8b465ee728b)  -> (artifact id: 'cde030590f64fb344166a4ff960e4fff') in 0.064702 seconds 
  Import took 0.066790 seconds .

========================================================================
Received Import Request.
  Time since last request: 0.000245 seconds.
  path: Assets/Prefabs/Product Prefabs/wired_headphones.prefab
  artifactKey: Guid(524b5aedb12072741ac8aa9ec6ca7d57) Importer(815301076,1909f56bfc062723c751e8b465ee728b)
Start importing Assets/Prefabs/Product Prefabs/wired_headphones.prefab using Guid(524b5aedb12072741ac8aa9ec6ca7d57) Importer(815301076,1909f56bfc062723c751e8b465ee728b)  -> (artifact id: '2bd8f21f78d5fe703097d0c6dbbbe605') in 0.064009 seconds 
  Import took 0.066072 seconds .

========================================================================
Received Import Request.
  Time since last request: 0.000218 seconds.
  path: Assets/Prefabs/Product Prefabs/cheap_pc Variant.prefab
  artifactKey: Guid(f81fd038e1e90ab4ba570d2ca2dfd826) Importer(815301076,1909f56bfc062723c751e8b465ee728b)
Start importing Assets/Prefabs/Product Prefabs/cheap_pc Variant.prefab using Guid(f81fd038e1e90ab4ba570d2ca2dfd826) Importer(815301076,1909f56bfc062723c751e8b465ee728b)  -> (artifact id: 'ff44479e750f639b030fc9d9822e8a08') in 0.082188 seconds 
  Import took 0.084276 seconds .

========================================================================
Received Import Request.
  Time since last request: 0.000231 seconds.
  path: Assets/Prefabs/Product Prefabs/large_speaker.prefab
  artifactKey: Guid(f59a36a5cea494f499dc7f9c45ae882d) Importer(815301076,1909f56bfc062723c751e8b465ee728b)
Start importing Assets/Prefabs/Product Prefabs/large_speaker.prefab using Guid(f59a36a5cea494f499dc7f9c45ae882d) Importer(815301076,1909f56bfc062723c751e8b465ee728b)  -> (artifact id: '340c620e43545cdc3b981c98217840f4') in 0.077012 seconds 
  Import took 0.079148 seconds .

========================================================================
Received Import Request.
  Time since last request: 0.000236 seconds.
  path: Assets/Prefabs/Product Prefabs/keyboard1 Variant.prefab
  artifactKey: Guid(f5ab9d71b425c3a42b5b41862e0c8ac6) Importer(815301076,1909f56bfc062723c751e8b465ee728b)
Start importing Assets/Prefabs/Product Prefabs/keyboard1 Variant.prefab using Guid(f5ab9d71b425c3a42b5b41862e0c8ac6) Importer(815301076,1909f56bfc062723c751e8b465ee728b)  -> (artifact id: '01bfec7a4cd64e5565a1789fd149000f') in 0.066913 seconds 
  Import took 0.069070 seconds .

========================================================================
Received Import Request.
  Time since last request: 0.000222 seconds.
  path: Assets/Prefabs/Product Prefabs/keyboard1.prefab
  artifactKey: Guid(26d567ca1f5d28e46a0e9ace6328836d) Importer(815301076,1909f56bfc062723c751e8b465ee728b)
Start importing Assets/Prefabs/Product Prefabs/keyboard1.prefab using Guid(26d567ca1f5d28e46a0e9ace6328836d) Importer(815301076,1909f56bfc062723c751e8b465ee728b)  -> (artifact id: 'c71f67ce990a80707689fc179743211a') in 0.069127 seconds 
  Import took 0.071215 seconds .

========================================================================
Received Import Request.
  Time since last request: 0.915944 seconds.
  path: Assets/Prefabs/UI Prefabs/InventorySlot.prefab
  artifactKey: Guid(04e0beb906f093f4ab47775c87f993f7) Importer(815301076,1909f56bfc062723c751e8b465ee728b)
Start importing Assets/Prefabs/UI Prefabs/InventorySlot.prefab using Guid(04e0beb906f093f4ab47775c87f993f7) Importer(815301076,1909f56bfc062723c751e8b465ee728b)  -> (artifact id: '13ec199558a9e073bfd3e8e710cb4237') in 0.035011 seconds 
  Import took 0.037287 seconds .

========================================================================
Received Import Request.
  Time since last request: 0.000210 seconds.
  path: Assets/Prefabs/UI Prefabs/ShoppingList.prefab
  artifactKey: Guid(d23483de07574ee4cb3d96c669b15264) Importer(815301076,1909f56bfc062723c751e8b465ee728b)
Start importing Assets/Prefabs/UI Prefabs/ShoppingList.prefab using Guid(d23483de07574ee4cb3d96c669b15264) Importer(815301076,1909f56bfc062723c751e8b465ee728b)  -> (artifact id: 'aceaab01557922aa31eefc99ad16a698') in 0.051494 seconds 
  Import took 0.053841 seconds .

========================================================================
Received Import Request.
  Time since last request: 0.000225 seconds.
  path: Assets/Prefabs/UI Prefabs/Panel.prefab
  artifactKey: Guid(b2bd2a694b4cef44aba27b42e11a2b95) Importer(815301076,1909f56bfc062723c751e8b465ee728b)
Start importing Assets/Prefabs/UI Prefabs/Panel.prefab using Guid(b2bd2a694b4cef44aba27b42e11a2b95) Importer(815301076,1909f56bfc062723c751e8b465ee728b)  -> (artifact id: '366482fe373d0eed7c340b014b181ffc') in 0.045413 seconds 
  Import took 0.047527 seconds .

========================================================================
Received Import Request.
  Time since last request: 0.000188 seconds.
  path: Assets/Prefabs/UI Prefabs/Monitior.prefab
  artifactKey: Guid(82cfa17f8bc3e384e83bb2d7c4c2c583) Importer(815301076,1909f56bfc062723c751e8b465ee728b)
Start importing Assets/Prefabs/UI Prefabs/Monitior.prefab using Guid(82cfa17f8bc3e384e83bb2d7c4c2c583) Importer(815301076,1909f56bfc062723c751e8b465ee728b)  -> (artifact id: '0d03506cf38d966e21adbeccc56ef1b1') in 0.046084 seconds 
  Import took 0.048483 seconds .

========================================================================
Received Import Request.
  Time since last request: 0.000228 seconds.
  path: Assets/Prefabs/UI Prefabs/ItemImages.prefab
  artifactKey: Guid(653a6bc6ee0e8f54eb6d89d03f477a67) Importer(815301076,1909f56bfc062723c751e8b465ee728b)
Start importing Assets/Prefabs/UI Prefabs/ItemImages.prefab using Guid(653a6bc6ee0e8f54eb6d89d03f477a67) Importer(815301076,1909f56bfc062723c751e8b465ee728b)  -> (artifact id: '48d53d08689acad812b69e6983a5793f') in 0.033528 seconds 
  Import took 0.035754 seconds .

========================================================================
Received Import Request.
  Time since last request: 0.000197 seconds.
  path: Assets/Prefabs/UI Prefabs/Mouse.prefab
  artifactKey: Guid(52bc2bf9c299833449f710b0b7059523) Importer(815301076,1909f56bfc062723c751e8b465ee728b)
Start importing Assets/Prefabs/UI Prefabs/Mouse.prefab using Guid(52bc2bf9c299833449f710b0b7059523) Importer(815301076,1909f56bfc062723c751e8b465ee728b)  -> (artifact id: 'e96880df888df82460979a19eff753f3') in 0.047876 seconds 
  Import took 0.050065 seconds .

========================================================================
Received Import Request.
  Time since last request: 0.000214 seconds.
  path: Assets/Prefabs/UI Prefabs/Keyboard.prefab
  artifactKey: Guid(6d1c8f2bff2344e4d880d7c74a7c313c) Importer(815301076,1909f56bfc062723c751e8b465ee728b)
Start importing Assets/Prefabs/UI Prefabs/Keyboard.prefab using Guid(6d1c8f2bff2344e4d880d7c74a7c313c) Importer(815301076,1909f56bfc062723c751e8b465ee728b)  -> (artifact id: 'f25743ed9caad90ee1b4fb9a4a81b964') in 0.048650 seconds 
  Import took 0.050737 seconds .

========================================================================
Received Import Request.
  Time since last request: 0.000208 seconds.
  path: Assets/Prefabs/UI Prefabs/PC.prefab
  artifactKey: Guid(8e3c6bb3f3040d340beaf7b483f1bf58) Importer(815301076,1909f56bfc062723c751e8b465ee728b)
Start importing Assets/Prefabs/UI Prefabs/PC.prefab using Guid(8e3c6bb3f3040d340beaf7b483f1bf58) Importer(815301076,1909f56bfc062723c751e8b465ee728b)  -> (artifact id: '91aa68a002d1fb31a814034309a64534') in 0.046025 seconds 
  Import took 0.048161 seconds .

========================================================================
Received Import Request.
  Time since last request: 2.369024 seconds.
  path: Assets/Prefabs/Other Prefabs
  artifactKey: Guid(f1447359b30977a4fb0f3879a5ac2a55) Importer(815301076,1909f56bfc062723c751e8b465ee728b)
Start importing Assets/Prefabs/Other Prefabs using Guid(f1447359b30977a4fb0f3879a5ac2a55) Importer(815301076,1909f56bfc062723c751e8b465ee728b)  -> (artifact id: 'c13ccd2d4ec7f6a9a0a8d350f1602194') in 0.025079 seconds 
  Import took 0.027201 seconds .

========================================================================
Received Import Request.
  Time since last request: 0.035120 seconds.
  path: Assets/Prefabs/Other Prefabs/Curved Stairs.prefab
  artifactKey: Guid(e736f7213ebb6f54eb5b7cc3cae6c7a0) Importer(815301076,1909f56bfc062723c751e8b465ee728b)
Start importing Assets/Prefabs/Other Prefabs/Curved Stairs.prefab using Guid(e736f7213ebb6f54eb5b7cc3cae6c7a0) Importer(815301076,1909f56bfc062723c751e8b465ee728b)  -> (artifact id: '3dc978163d350c3b6a69b40edd9cfdab') in 0.034918 seconds 
  Import took 0.037064 seconds .

========================================================================
Received Import Request.
  Time since last request: 0.000220 seconds.
  path: Assets/Prefabs/Other Prefabs/Small Section.prefab
  artifactKey: Guid(2e9f658a47dca6a4f9d3240c3d5e63ec) Importer(815301076,1909f56bfc062723c751e8b465ee728b)
Start importing Assets/Prefabs/Other Prefabs/Small Section.prefab using Guid(2e9f658a47dca6a4f9d3240c3d5e63ec) Importer(815301076,1909f56bfc062723c751e8b465ee728b)  -> (artifact id: '057d261a5045e8bb82bda3e8b70cdcae') in 0.028809 seconds 
  Import took 0.030781 seconds .

========================================================================
Received Import Request.
  Time since last request: 0.000181 seconds.
  path: Assets/Prefabs/Other Prefabs/Stairs.prefab
  artifactKey: Guid(1cda686f56373df4094eedd678a7acda) Importer(815301076,1909f56bfc062723c751e8b465ee728b)
Start importing Assets/Prefabs/Other Prefabs/Stairs.prefab using Guid(1cda686f56373df4094eedd678a7acda) Importer(815301076,1909f56bfc062723c751e8b465ee728b)  -> (artifact id: 'f344a90378313b5b6a288f9b85e7c13f') in 0.027156 seconds 
  Import took 0.029095 seconds .

========================================================================
Received Import Request.
  Time since last request: 0.000184 seconds.
  path: Assets/Prefabs/Other Prefabs/Pipe.prefab
  artifactKey: Guid(8942309678a4fd94a8fbdd42e1720806) Importer(815301076,1909f56bfc062723c751e8b465ee728b)
Start importing Assets/Prefabs/Other Prefabs/Pipe.prefab using Guid(8942309678a4fd94a8fbdd42e1720806) Importer(815301076,1909f56bfc062723c751e8b465ee728b)  -> (artifact id: '65b251817130e3d0e2921d5ac5d31e9d') in 0.027322 seconds 
  Import took 0.029314 seconds .

========================================================================
Received Import Request.
  Time since last request: 0.000227 seconds.
  path: Assets/Prefabs/Other Prefabs/Player.prefab
  artifactKey: Guid(bae9cf890960ba3478d80533820ffb78) Importer(815301076,1909f56bfc062723c751e8b465ee728b)
Start importing Assets/Prefabs/Other Prefabs/Player.prefab using Guid(bae9cf890960ba3478d80533820ffb78) Importer(815301076,1909f56bfc062723c751e8b465ee728b)  -> (artifact id: 'caeaa56005bda16ec260765217e6ad23') in 0.051263 seconds 
  Import took 0.053479 seconds .

========================================================================
Received Import Request.
  Time since last request: 0.000239 seconds.
  path: Assets/Prefabs/Other Prefabs/full logo cocost.prefab
  artifactKey: Guid(b401105a56f005c4f96399ca58afbeb2) Importer(815301076,1909f56bfc062723c751e8b465ee728b)
Start importing Assets/Prefabs/Other Prefabs/full logo cocost.prefab using Guid(b401105a56f005c4f96399ca58afbeb2) Importer(815301076,1909f56bfc062723c751e8b465ee728b)  -> (artifact id: 'b9ff2c64c991dba9213b268fceec6944') in 0.081059 seconds 
  Import took 0.083316 seconds .

========================================================================
Received Import Request.
  Time since last request: 0.000200 seconds.
  path: Assets/Prefabs/Other Prefabs/logo.prefab
  artifactKey: Guid(55b4448e79e2462488d36e7a965eaa6e) Importer(815301076,1909f56bfc062723c751e8b465ee728b)
Start importing Assets/Prefabs/Other Prefabs/logo.prefab using Guid(55b4448e79e2462488d36e7a965eaa6e) Importer(815301076,1909f56bfc062723c751e8b465ee728b)  -> (artifact id: '1645a6d93b431ed36bbf491301bcbdb9') in 0.065571 seconds 
  Import took 0.067879 seconds .

========================================================================
Received Import Request.
  Time since last request: 0.000215 seconds.
  path: Assets/Prefabs/Other Prefabs/Wide Section.prefab
  artifactKey: Guid(bf63db967816f8343b6fa5fe77db40e4) Importer(815301076,1909f56bfc062723c751e8b465ee728b)
Start importing Assets/Prefabs/Other Prefabs/Wide Section.prefab using Guid(bf63db967816f8343b6fa5fe77db40e4) Importer(815301076,1909f56bfc062723c751e8b465ee728b)  -> (artifact id: '2ad3c68a63abe8245b94cab6ab93d653') in 0.027733 seconds 
  Import took 0.029797 seconds .

========================================================================
Received Import Request.
  Time since last request: 0.000168 seconds.
  path: Assets/Prefabs/Other Prefabs/statue.prefab
  artifactKey: Guid(3923994f7f6afe048af15f8713522c35) Importer(815301076,1909f56bfc062723c751e8b465ee728b)
Start importing Assets/Prefabs/Other Prefabs/statue.prefab using Guid(3923994f7f6afe048af15f8713522c35) Importer(815301076,1909f56bfc062723c751e8b465ee728b)  -> (artifact id: 'ffa811153dcc662704523861f0cdfb58') in 0.077166 seconds 
  Import took 0.079268 seconds .

========================================================================
Received Prepare
Registering precompiled user dll's ...
Registered in 0.007549 seconds.
Begin MonoManager ReloadAssembly
Native extension for WindowsStandalone target not found
Native extension for WebGL target not found
Refreshing native plugins compatible for Editor in 0.34 ms, found 2 plugins.
Preloading 0 native plugins for Editor in 0.00 ms.
Mono: successfully reloaded assembly
- Completed reload, in  0.714 seconds
Domain Reload Profiling:
	ReloadAssembly (714ms)
		BeginReloadAssembly (95ms)
			ExecutionOrderSort (0ms)
			DisableScriptedObjects (4ms)
			BackupInstance (0ms)
			ReleaseScriptingObjects (0ms)
			CreateAndSetChildDomain (27ms)
		EndReloadAssembly (571ms)
			LoadAssemblies (73ms)
			RebuildTransferFunctionScriptingTraits (0ms)
			SetupTypeCache (194ms)
			ReleaseScriptCaches (1ms)
			RebuildScriptCaches (28ms)
			SetupLoadedEditorAssemblies (197ms)
				LogAssemblyErrors (0ms)
				InitializePlatformSupportModulesInManaged (4ms)
				SetLoadedEditorAssemblies (0ms)
				RefreshPlugins (0ms)
				BeforeProcessingInitializeOnLoad (35ms)
				ProcessInitializeOnLoadAttributes (147ms)
				ProcessInitializeOnLoadMethodAttributes (5ms)
				AfterProcessingInitializeOnLoad (5ms)
				EditorAssembliesLoaded (0ms)
			ExecutionOrderSort2 (0ms)
			AwakeInstancesAfterBackupRestoration (5ms)
Platform modules already initialized, skipping
Refreshing native plugins compatible for Editor in 0.43 ms, found 2 plugins.
Preloading 0 native plugins for Editor in 0.00 ms.
Unloading 1491 Unused Serialized files (Serialized files now loaded: 0)
System memory in use before: 74.4 MB.
System memory in use after: 74.5 MB.

Unloading 12 unused Assets to reduce memory usage. Loaded Objects now: 1984.
Total: 2.386700 ms (FindLiveObjects: 0.152500 ms CreateObjectMapping: 0.036900 ms MarkObjects: 2.180700 ms  DeleteObjects: 0.015900 ms)

AssetImportParameters requested are different than current active one (requested -> active):
  custom:framework-win-MediaFoundation: 216162199b28c13a410421893ffa2e32 -> 
  custom:video-decoder-ogg-theora: a1e56fd34408186e4bbccfd4996cb3dc -> 
  custom:container-muxer-webm: aa71ff27fc2769a1b78a27578f13a17b -> 
  custom:container-demuxer-webm: 4f35f7cbe854078d1ac9338744f61a02 -> 
  custom:container-demuxer-ogg: 62fdf1f143b41e24485cea50d1cbac27 -> 
  custom:video-encoder-webm-vp8: eb34c28f22e8b96e1ab97ce403110664 -> 
  custom:video-decoder-webm-vp8: 9c59270c3fd7afecdb556c50c9e8de78 -> 
  custom:audio-decoder-ogg-vorbis: bf7c407c2cedff20999df2af8eb42d56 -> 
  custom:audio-encoder-webm-vorbis: bf7c407c2cedff20999df2af8eb42d56 -> 
AssetImportWorkerClient::OnTransportError - code=2 error=End of file
